#! /c/Source/iverilog-install/bin/vvp
:ivl_version "12.0 (devel)" "(s20150603-1539-g2693dd32b)";
:ivl_delay_selection "TYPICAL";
:vpi_time_precision - 12;
:vpi_module "C:\iverilog\lib\ivl\system.vpi";
:vpi_module "C:\iverilog\lib\ivl\vhdl_sys.vpi";
:vpi_module "C:\iverilog\lib\ivl\vhdl_textio.vpi";
:vpi_module "C:\iverilog\lib\ivl\v2005_math.vpi";
:vpi_module "C:\iverilog\lib\ivl\va_math.vpi";
:vpi_module "C:\iverilog\lib\ivl\v2009.vpi";
S_000001af18dd7ea0 .scope package, "$unit" "$unit" 2 1;
 .timescale 0 0;
S_000001af18de5d20 .scope module, "op_negate_int8" "op_negate_int8" 3 43;
 .timescale 0 0;
v000001af18ddd4f0_0 .array/port v000001af18ddd4f0, 0;
L_000001af18dd6dd0 .functor BUFZ 8, v000001af18ddd4f0_0, C4<00000000>, C4<00000000>, C4<00000000>;
v000001af18ddd4f0_1 .array/port v000001af18ddd4f0, 1;
L_000001af18dd6f20 .functor BUFZ 8, v000001af18ddd4f0_1, C4<00000000>, C4<00000000>, C4<00000000>;
v000001af18ddd4f0_2 .array/port v000001af18ddd4f0, 2;
L_000001af18dd78c0 .functor BUFZ 8, v000001af18ddd4f0_2, C4<00000000>, C4<00000000>, C4<00000000>;
v000001af18ddd4f0_3 .array/port v000001af18ddd4f0, 3;
L_000001af18dd7310 .functor BUFZ 8, v000001af18ddd4f0_3, C4<00000000>, C4<00000000>, C4<00000000>;
v000001af18ddd4f0_4 .array/port v000001af18ddd4f0, 4;
L_000001af18dd6f90 .functor BUFZ 8, v000001af18ddd4f0_4, C4<00000000>, C4<00000000>, C4<00000000>;
v000001af18ddd4f0_5 .array/port v000001af18ddd4f0, 5;
L_000001af18dd7690 .functor BUFZ 8, v000001af18ddd4f0_5, C4<00000000>, C4<00000000>, C4<00000000>;
v000001af18ddd4f0_6 .array/port v000001af18ddd4f0, 6;
L_000001af18dd71c0 .functor BUFZ 8, v000001af18ddd4f0_6, C4<00000000>, C4<00000000>, C4<00000000>;
v000001af18ddd4f0_7 .array/port v000001af18ddd4f0, 7;
L_000001af18dd7540 .functor BUFZ 8, v000001af18ddd4f0_7, C4<00000000>, C4<00000000>, C4<00000000>;
v000001af18ddd4f0_8 .array/port v000001af18ddd4f0, 8;
L_000001af18dd72a0 .functor BUFZ 8, v000001af18ddd4f0_8, C4<00000000>, C4<00000000>, C4<00000000>;
v000001af18ddd4f0_9 .array/port v000001af18ddd4f0, 9;
L_000001af18dd7380 .functor BUFZ 8, v000001af18ddd4f0_9, C4<00000000>, C4<00000000>, C4<00000000>;
v000001af18ddd4f0_10 .array/port v000001af18ddd4f0, 10;
L_000001af18dd73f0 .functor BUFZ 8, v000001af18ddd4f0_10, C4<00000000>, C4<00000000>, C4<00000000>;
v000001af18ddd4f0_11 .array/port v000001af18ddd4f0, 11;
L_000001af18dd7af0 .functor BUFZ 8, v000001af18ddd4f0_11, C4<00000000>, C4<00000000>, C4<00000000>;
v000001af18ddd4f0_12 .array/port v000001af18ddd4f0, 12;
L_000001af18dd7700 .functor BUFZ 8, v000001af18ddd4f0_12, C4<00000000>, C4<00000000>, C4<00000000>;
v000001af18ddd4f0_13 .array/port v000001af18ddd4f0, 13;
L_000001af18dd7770 .functor BUFZ 8, v000001af18ddd4f0_13, C4<00000000>, C4<00000000>, C4<00000000>;
v000001af18ddd4f0_14 .array/port v000001af18ddd4f0, 14;
L_000001af18dd7460 .functor BUFZ 8, v000001af18ddd4f0_14, C4<00000000>, C4<00000000>, C4<00000000>;
v000001af18ddd4f0_15 .array/port v000001af18ddd4f0, 15;
L_000001af18dd77e0 .functor BUFZ 8, v000001af18ddd4f0_15, C4<00000000>, C4<00000000>, C4<00000000>;
v000001af18ddd4f0_16 .array/port v000001af18ddd4f0, 16;
L_000001af18dd7930 .functor BUFZ 8, v000001af18ddd4f0_16, C4<00000000>, C4<00000000>, C4<00000000>;
v000001af18ddd4f0_17 .array/port v000001af18ddd4f0, 17;
L_000001af18dd6c80 .functor BUFZ 8, v000001af18ddd4f0_17, C4<00000000>, C4<00000000>, C4<00000000>;
v000001af18ddd4f0_18 .array/port v000001af18ddd4f0, 18;
L_000001af18dd79a0 .functor BUFZ 8, v000001af18ddd4f0_18, C4<00000000>, C4<00000000>, C4<00000000>;
v000001af18ddd4f0_19 .array/port v000001af18ddd4f0, 19;
L_000001af18dd7a10 .functor BUFZ 8, v000001af18ddd4f0_19, C4<00000000>, C4<00000000>, C4<00000000>;
v000001af18ddd4f0_20 .array/port v000001af18ddd4f0, 20;
L_000001af18dd7a80 .functor BUFZ 8, v000001af18ddd4f0_20, C4<00000000>, C4<00000000>, C4<00000000>;
v000001af18ddd4f0_21 .array/port v000001af18ddd4f0, 21;
L_000001af18dd6cf0 .functor BUFZ 8, v000001af18ddd4f0_21, C4<00000000>, C4<00000000>, C4<00000000>;
v000001af18ddd4f0_22 .array/port v000001af18ddd4f0, 22;
L_000001af18dd6d60 .functor BUFZ 8, v000001af18ddd4f0_22, C4<00000000>, C4<00000000>, C4<00000000>;
v000001af18ddd4f0_23 .array/port v000001af18ddd4f0, 23;
L_000001af18d9a0b0 .functor BUFZ 8, v000001af18ddd4f0_23, C4<00000000>, C4<00000000>, C4<00000000>;
v000001af18ddd4f0_24 .array/port v000001af18ddd4f0, 24;
L_000001af1a93a4b0 .functor BUFZ 8, v000001af18ddd4f0_24, C4<00000000>, C4<00000000>, C4<00000000>;
v000001af18ddd4f0_25 .array/port v000001af18ddd4f0, 25;
L_000001af1a93ade0 .functor BUFZ 8, v000001af18ddd4f0_25, C4<00000000>, C4<00000000>, C4<00000000>;
v000001af18ddd4f0_26 .array/port v000001af18ddd4f0, 26;
L_000001af1a93a9f0 .functor BUFZ 8, v000001af18ddd4f0_26, C4<00000000>, C4<00000000>, C4<00000000>;
v000001af18ddd4f0_27 .array/port v000001af18ddd4f0, 27;
L_000001af1a93a520 .functor BUFZ 8, v000001af18ddd4f0_27, C4<00000000>, C4<00000000>, C4<00000000>;
v000001af18ddd4f0_28 .array/port v000001af18ddd4f0, 28;
L_000001af1a93ae50 .functor BUFZ 8, v000001af18ddd4f0_28, C4<00000000>, C4<00000000>, C4<00000000>;
v000001af18ddd4f0_29 .array/port v000001af18ddd4f0, 29;
L_000001af1a93b010 .functor BUFZ 8, v000001af18ddd4f0_29, C4<00000000>, C4<00000000>, C4<00000000>;
v000001af18ddd4f0_30 .array/port v000001af18ddd4f0, 30;
L_000001af1a93aa60 .functor BUFZ 8, v000001af18ddd4f0_30, C4<00000000>, C4<00000000>, C4<00000000>;
v000001af18ddd4f0_31 .array/port v000001af18ddd4f0, 31;
L_000001af1a93aec0 .functor BUFZ 8, v000001af18ddd4f0_31, C4<00000000>, C4<00000000>, C4<00000000>;
v000001af18ddda90_0 .array/port v000001af18ddda90, 0;
L_000001af1a93ac20 .functor BUFZ 8, v000001af18ddda90_0, C4<00000000>, C4<00000000>, C4<00000000>;
v000001af18ddda90_1 .array/port v000001af18ddda90, 1;
L_000001af1a93b390 .functor BUFZ 8, v000001af18ddda90_1, C4<00000000>, C4<00000000>, C4<00000000>;
v000001af18ddda90_2 .array/port v000001af18ddda90, 2;
L_000001af1a93af30 .functor BUFZ 8, v000001af18ddda90_2, C4<00000000>, C4<00000000>, C4<00000000>;
v000001af18ddda90_3 .array/port v000001af18ddda90, 3;
L_000001af1a93ad70 .functor BUFZ 8, v000001af18ddda90_3, C4<00000000>, C4<00000000>, C4<00000000>;
v000001af18ddda90_4 .array/port v000001af18ddda90, 4;
L_000001af1a93afa0 .functor BUFZ 8, v000001af18ddda90_4, C4<00000000>, C4<00000000>, C4<00000000>;
v000001af18ddda90_5 .array/port v000001af18ddda90, 5;
L_000001af1a93a980 .functor BUFZ 8, v000001af18ddda90_5, C4<00000000>, C4<00000000>, C4<00000000>;
v000001af18ddda90_6 .array/port v000001af18ddda90, 6;
L_000001af1a93b080 .functor BUFZ 8, v000001af18ddda90_6, C4<00000000>, C4<00000000>, C4<00000000>;
v000001af18ddda90_7 .array/port v000001af18ddda90, 7;
L_000001af1a93b0f0 .functor BUFZ 8, v000001af18ddda90_7, C4<00000000>, C4<00000000>, C4<00000000>;
v000001af18ddda90_8 .array/port v000001af18ddda90, 8;
L_000001af1a93b160 .functor BUFZ 8, v000001af18ddda90_8, C4<00000000>, C4<00000000>, C4<00000000>;
v000001af18ddda90_9 .array/port v000001af18ddda90, 9;
L_000001af1a93aad0 .functor BUFZ 8, v000001af18ddda90_9, C4<00000000>, C4<00000000>, C4<00000000>;
v000001af18ddda90_10 .array/port v000001af18ddda90, 10;
L_000001af1a93a6e0 .functor BUFZ 8, v000001af18ddda90_10, C4<00000000>, C4<00000000>, C4<00000000>;
v000001af18ddda90_11 .array/port v000001af18ddda90, 11;
L_000001af1a93a8a0 .functor BUFZ 8, v000001af18ddda90_11, C4<00000000>, C4<00000000>, C4<00000000>;
v000001af18ddda90_12 .array/port v000001af18ddda90, 12;
L_000001af1a93b1d0 .functor BUFZ 8, v000001af18ddda90_12, C4<00000000>, C4<00000000>, C4<00000000>;
v000001af18ddda90_13 .array/port v000001af18ddda90, 13;
L_000001af1a93b240 .functor BUFZ 8, v000001af18ddda90_13, C4<00000000>, C4<00000000>, C4<00000000>;
v000001af18ddda90_14 .array/port v000001af18ddda90, 14;
L_000001af1a93a670 .functor BUFZ 8, v000001af18ddda90_14, C4<00000000>, C4<00000000>, C4<00000000>;
v000001af18ddda90_15 .array/port v000001af18ddda90, 15;
L_000001af1a93b2b0 .functor BUFZ 8, v000001af18ddda90_15, C4<00000000>, C4<00000000>, C4<00000000>;
v000001af18ddda90_16 .array/port v000001af18ddda90, 16;
L_000001af1a93a910 .functor BUFZ 8, v000001af18ddda90_16, C4<00000000>, C4<00000000>, C4<00000000>;
v000001af18ddda90_17 .array/port v000001af18ddda90, 17;
L_000001af1a93a750 .functor BUFZ 8, v000001af18ddda90_17, C4<00000000>, C4<00000000>, C4<00000000>;
v000001af18ddda90_18 .array/port v000001af18ddda90, 18;
L_000001af1a93ac90 .functor BUFZ 8, v000001af18ddda90_18, C4<00000000>, C4<00000000>, C4<00000000>;
v000001af18ddda90_19 .array/port v000001af18ddda90, 19;
L_000001af1a93b320 .functor BUFZ 8, v000001af18ddda90_19, C4<00000000>, C4<00000000>, C4<00000000>;
v000001af18ddda90_20 .array/port v000001af18ddda90, 20;
L_000001af1a93a590 .functor BUFZ 8, v000001af18ddda90_20, C4<00000000>, C4<00000000>, C4<00000000>;
v000001af18ddda90_21 .array/port v000001af18ddda90, 21;
L_000001af1a93a7c0 .functor BUFZ 8, v000001af18ddda90_21, C4<00000000>, C4<00000000>, C4<00000000>;
v000001af18ddda90_22 .array/port v000001af18ddda90, 22;
L_000001af1a93ab40 .functor BUFZ 8, v000001af18ddda90_22, C4<00000000>, C4<00000000>, C4<00000000>;
v000001af18ddda90_23 .array/port v000001af18ddda90, 23;
L_000001af1a93a600 .functor BUFZ 8, v000001af18ddda90_23, C4<00000000>, C4<00000000>, C4<00000000>;
v000001af18ddda90_24 .array/port v000001af18ddda90, 24;
L_000001af1a93a830 .functor BUFZ 8, v000001af18ddda90_24, C4<00000000>, C4<00000000>, C4<00000000>;
v000001af18ddda90_25 .array/port v000001af18ddda90, 25;
L_000001af1a93abb0 .functor BUFZ 8, v000001af18ddda90_25, C4<00000000>, C4<00000000>, C4<00000000>;
v000001af18ddda90_26 .array/port v000001af18ddda90, 26;
L_000001af1a93ad00 .functor BUFZ 8, v000001af18ddda90_26, C4<00000000>, C4<00000000>, C4<00000000>;
v000001af18ddda90_27 .array/port v000001af18ddda90, 27;
L_000001af1a93bf70 .functor BUFZ 8, v000001af18ddda90_27, C4<00000000>, C4<00000000>, C4<00000000>;
v000001af18ddda90_28 .array/port v000001af18ddda90, 28;
L_000001af1a93c0c0 .functor BUFZ 8, v000001af18ddda90_28, C4<00000000>, C4<00000000>, C4<00000000>;
v000001af18ddda90_29 .array/port v000001af18ddda90, 29;
L_000001af1a93c280 .functor BUFZ 8, v000001af18ddda90_29, C4<00000000>, C4<00000000>, C4<00000000>;
v000001af18ddda90_30 .array/port v000001af18ddda90, 30;
L_000001af1a93bdb0 .functor BUFZ 8, v000001af18ddda90_30, C4<00000000>, C4<00000000>, C4<00000000>;
v000001af18ddda90_31 .array/port v000001af18ddda90, 31;
L_000001af1a93c520 .functor BUFZ 8, v000001af18ddda90_31, C4<00000000>, C4<00000000>, C4<00000000>;
v000001af18ddd770 .array "input_elements", 31 0;
v000001af18ddd770_0 .net v000001af18ddd770 0, 7 0, L_000001af18dd6dd0; 1 drivers
v000001af18ddd770_1 .net v000001af18ddd770 1, 7 0, L_000001af18dd6f20; 1 drivers
v000001af18ddd770_2 .net v000001af18ddd770 2, 7 0, L_000001af18dd78c0; 1 drivers
v000001af18ddd770_3 .net v000001af18ddd770 3, 7 0, L_000001af18dd7310; 1 drivers
v000001af18ddd770_4 .net v000001af18ddd770 4, 7 0, L_000001af18dd6f90; 1 drivers
v000001af18ddd770_5 .net v000001af18ddd770 5, 7 0, L_000001af18dd7690; 1 drivers
v000001af18ddd770_6 .net v000001af18ddd770 6, 7 0, L_000001af18dd71c0; 1 drivers
v000001af18ddd770_7 .net v000001af18ddd770 7, 7 0, L_000001af18dd7540; 1 drivers
v000001af18ddd770_8 .net v000001af18ddd770 8, 7 0, L_000001af18dd72a0; 1 drivers
v000001af18ddd770_9 .net v000001af18ddd770 9, 7 0, L_000001af18dd7380; 1 drivers
v000001af18ddd770_10 .net v000001af18ddd770 10, 7 0, L_000001af18dd73f0; 1 drivers
v000001af18ddd770_11 .net v000001af18ddd770 11, 7 0, L_000001af18dd7af0; 1 drivers
v000001af18ddd770_12 .net v000001af18ddd770 12, 7 0, L_000001af18dd7700; 1 drivers
v000001af18ddd770_13 .net v000001af18ddd770 13, 7 0, L_000001af18dd7770; 1 drivers
v000001af18ddd770_14 .net v000001af18ddd770 14, 7 0, L_000001af18dd7460; 1 drivers
v000001af18ddd770_15 .net v000001af18ddd770 15, 7 0, L_000001af18dd77e0; 1 drivers
v000001af18ddd770_16 .net v000001af18ddd770 16, 7 0, L_000001af18dd7930; 1 drivers
v000001af18ddd770_17 .net v000001af18ddd770 17, 7 0, L_000001af18dd6c80; 1 drivers
v000001af18ddd770_18 .net v000001af18ddd770 18, 7 0, L_000001af18dd79a0; 1 drivers
v000001af18ddd770_19 .net v000001af18ddd770 19, 7 0, L_000001af18dd7a10; 1 drivers
v000001af18ddd770_20 .net v000001af18ddd770 20, 7 0, L_000001af18dd7a80; 1 drivers
v000001af18ddd770_21 .net v000001af18ddd770 21, 7 0, L_000001af18dd6cf0; 1 drivers
v000001af18ddd770_22 .net v000001af18ddd770 22, 7 0, L_000001af18dd6d60; 1 drivers
v000001af18ddd770_23 .net v000001af18ddd770 23, 7 0, L_000001af18d9a0b0; 1 drivers
v000001af18ddd770_24 .net v000001af18ddd770 24, 7 0, L_000001af1a93a4b0; 1 drivers
v000001af18ddd770_25 .net v000001af18ddd770 25, 7 0, L_000001af1a93ade0; 1 drivers
v000001af18ddd770_26 .net v000001af18ddd770 26, 7 0, L_000001af1a93a9f0; 1 drivers
v000001af18ddd770_27 .net v000001af18ddd770 27, 7 0, L_000001af1a93a520; 1 drivers
v000001af18ddd770_28 .net v000001af18ddd770 28, 7 0, L_000001af1a93ae50; 1 drivers
v000001af18ddd770_29 .net v000001af18ddd770 29, 7 0, L_000001af1a93b010; 1 drivers
v000001af18ddd770_30 .net v000001af18ddd770 30, 7 0, L_000001af1a93aa60; 1 drivers
v000001af18ddd770_31 .net v000001af18ddd770 31, 7 0, L_000001af1a93aec0; 1 drivers
v000001af18ddd810_0 .net "input_scalar", 7 0, v000001af18ddd450_0;  1 drivers
v000001af18ddd590 .array "output_elements", 31 0;
v000001af18ddd590_0 .net v000001af18ddd590 0, 7 0, L_000001af1a93ac20; 1 drivers
v000001af18ddd590_1 .net v000001af18ddd590 1, 7 0, L_000001af1a93b390; 1 drivers
v000001af18ddd590_2 .net v000001af18ddd590 2, 7 0, L_000001af1a93af30; 1 drivers
v000001af18ddd590_3 .net v000001af18ddd590 3, 7 0, L_000001af1a93ad70; 1 drivers
v000001af18ddd590_4 .net v000001af18ddd590 4, 7 0, L_000001af1a93afa0; 1 drivers
v000001af18ddd590_5 .net v000001af18ddd590 5, 7 0, L_000001af1a93a980; 1 drivers
v000001af18ddd590_6 .net v000001af18ddd590 6, 7 0, L_000001af1a93b080; 1 drivers
v000001af18ddd590_7 .net v000001af18ddd590 7, 7 0, L_000001af1a93b0f0; 1 drivers
v000001af18ddd590_8 .net v000001af18ddd590 8, 7 0, L_000001af1a93b160; 1 drivers
v000001af18ddd590_9 .net v000001af18ddd590 9, 7 0, L_000001af1a93aad0; 1 drivers
v000001af18ddd590_10 .net v000001af18ddd590 10, 7 0, L_000001af1a93a6e0; 1 drivers
v000001af18ddd590_11 .net v000001af18ddd590 11, 7 0, L_000001af1a93a8a0; 1 drivers
v000001af18ddd590_12 .net v000001af18ddd590 12, 7 0, L_000001af1a93b1d0; 1 drivers
v000001af18ddd590_13 .net v000001af18ddd590 13, 7 0, L_000001af1a93b240; 1 drivers
v000001af18ddd590_14 .net v000001af18ddd590 14, 7 0, L_000001af1a93a670; 1 drivers
v000001af18ddd590_15 .net v000001af18ddd590 15, 7 0, L_000001af1a93b2b0; 1 drivers
v000001af18ddd590_16 .net v000001af18ddd590 16, 7 0, L_000001af1a93a910; 1 drivers
v000001af18ddd590_17 .net v000001af18ddd590 17, 7 0, L_000001af1a93a750; 1 drivers
v000001af18ddd590_18 .net v000001af18ddd590 18, 7 0, L_000001af1a93ac90; 1 drivers
v000001af18ddd590_19 .net v000001af18ddd590 19, 7 0, L_000001af1a93b320; 1 drivers
v000001af18ddd590_20 .net v000001af18ddd590 20, 7 0, L_000001af1a93a590; 1 drivers
v000001af18ddd590_21 .net v000001af18ddd590 21, 7 0, L_000001af1a93a7c0; 1 drivers
v000001af18ddd590_22 .net v000001af18ddd590 22, 7 0, L_000001af1a93ab40; 1 drivers
v000001af18ddd590_23 .net v000001af18ddd590 23, 7 0, L_000001af1a93a600; 1 drivers
v000001af18ddd590_24 .net v000001af18ddd590 24, 7 0, L_000001af1a93a830; 1 drivers
v000001af18ddd590_25 .net v000001af18ddd590 25, 7 0, L_000001af1a93abb0; 1 drivers
v000001af18ddd590_26 .net v000001af18ddd590 26, 7 0, L_000001af1a93ad00; 1 drivers
v000001af18ddd590_27 .net v000001af18ddd590 27, 7 0, L_000001af1a93bf70; 1 drivers
v000001af18ddd590_28 .net v000001af18ddd590 28, 7 0, L_000001af1a93c0c0; 1 drivers
v000001af18ddd590_29 .net v000001af18ddd590 29, 7 0, L_000001af1a93c280; 1 drivers
v000001af18ddd590_30 .net v000001af18ddd590 30, 7 0, L_000001af1a93bdb0; 1 drivers
v000001af18ddd590_31 .net v000001af18ddd590 31, 7 0, L_000001af1a93c520; 1 drivers
v000001af18ddd950_0 .net "output_scalar", 7 0, v000001af18ddd090_0;  1 drivers
S_000001af18de6310 .scope module, "a" "t_mx_int8_vector" 3 49, 3 11 0, S_000001af18de5d20;
 .timescale 0 0;
    .port_info 0 /OUTPUT 8 "scalar";
    .port_info 1 /OUTPUT 256 "elements";
v000001af18ddd4f0 .array "elements", 31 0, 7 0;
v000001af18ddd450_0 .var "scalar", 7 0;
v000001af18dddd10_0 .var "zero_num", 5 0;
S_000001af18d992b0 .scope task, "post_randomize" "post_randomize" 3 18, 3 18 0, S_000001af18de6310;
 .timescale 0 0;
TD_op_negate_int8.a.post_randomize ;
    %pushi/vec4 0, 0, 6;
    %store/vec4 v000001af18dddd10_0, 0, 6;
    %fork t_1, S_000001af18d99440;
    %jmp t_0;
    .scope S_000001af18d99440;
t_1 ;
    %pushi/vec4 0, 0, 32;
    %store/vec4 v000001af18ddc2d0_0, 0, 32;
T_0.0 ;
    %load/vec4 v000001af18ddc2d0_0;
    %cmpi/s 31, 0, 32;
    %flag_or 5, 4;
    %jmp/0xz T_0.1, 5;
    %ix/getv/s 4, v000001af18ddc2d0_0;
    %load/vec4a v000001af18ddd4f0, 4;
    %pad/u 32;
    %cmpi/e 0, 0, 32;
    %jmp/0xz  T_0.2, 4;
    ; show_stmt_assign_vector: Get l-value for compressed += operand
    %load/vec4 v000001af18dddd10_0;
    %pushi/vec4 1, 0, 6;
    %add;
    %store/vec4 v000001af18dddd10_0, 0, 6;
T_0.2 ;
    ; show_stmt_assign_vector: Get l-value for compressed += operand
    %load/vec4 v000001af18ddc2d0_0;
    %pushi/vec4 1, 0, 32;
    %add;
    %cast2;
    %store/vec4 v000001af18ddc2d0_0, 0, 32;
    %jmp T_0.0;
T_0.1 ;
    %end;
    .scope S_000001af18d992b0;
t_0 %join;
    %end;
S_000001af18d99440 .scope begin, "$ivl_foreach0" "$ivl_foreach0" 3 20, 3 20 0, S_000001af18d992b0;
 .timescale 0 0;
v000001af18ddc2d0_0 .var/2s "i", 31 0;
S_000001af18d558f0 .scope task, "randomize" "randomize" 3 27, 3 27 0, S_000001af18de6310;
 .timescale 0 0;
TD_op_negate_int8.a.randomize ;
    %vpi_func 3 28 "$random" 32 {0 0 0};
    %pushi/vec4 256, 0, 32;
    %mod/s;
    %pad/s 8;
    %store/vec4 v000001af18ddd450_0, 0, 8;
    %fork t_3, S_000001af18d55a80;
    %jmp t_2;
    .scope S_000001af18d55a80;
t_3 ;
    %pushi/vec4 0, 0, 32;
    %store/vec4 v000001af18ddcf50_0, 0, 32;
T_1.4 ;
    %load/vec4 v000001af18ddcf50_0;
    %cmpi/s 31, 0, 32;
    %flag_or 5, 4;
    %jmp/0xz T_1.5, 5;
    %vpi_func 3 30 "$random" 32 {0 0 0};
    %pushi/vec4 256, 0, 32;
    %mod/s;
    %pad/s 8;
    %ix/getv/s 4, v000001af18ddcf50_0;
    %store/vec4a v000001af18ddd4f0, 4, 0;
    ; show_stmt_assign_vector: Get l-value for compressed += operand
    %load/vec4 v000001af18ddcf50_0;
    %pushi/vec4 1, 0, 32;
    %add;
    %cast2;
    %store/vec4 v000001af18ddcf50_0, 0, 32;
    %jmp T_1.4;
T_1.5 ;
    %end;
    .scope S_000001af18d558f0;
t_2 %join;
    %fork TD_op_negate_int8.a.post_randomize, S_000001af18d992b0;
    %join;
    %end;
S_000001af18d55a80 .scope begin, "$ivl_foreach1" "$ivl_foreach1" 3 29, 3 29 0, S_000001af18d558f0;
 .timescale 0 0;
v000001af18ddcf50_0 .var/2s "i", 31 0;
S_000001af18d594e0 .scope function.void, "set_zero" "set_zero" 3 34, 3 34 0, S_000001af18de6310;
 .timescale 0 0;
v000001af18ddcd70_0 .var/2s "elem_index", 31 0;
TD_op_negate_int8.a.set_zero ;
    %ix/getv/s 4, v000001af18ddcd70_0;
    %load/vec4a v000001af18ddd4f0, 4;
    %pad/u 32;
    %cmpi/ne 0, 0, 32;
    %jmp/0xz  T_2.6, 4;
    %pushi/vec4 0, 0, 8;
    %ix/getv/s 4, v000001af18ddcd70_0;
    %store/vec4a v000001af18ddd4f0, 4, 0;
    ; show_stmt_assign_vector: Get l-value for compressed += operand
    %load/vec4 v000001af18dddd10_0;
    %pushi/vec4 1, 0, 6;
    %add;
    %store/vec4 v000001af18dddd10_0, 0, 6;
T_2.6 ;
    %end;
S_000001af18d59670 .scope module, "result" "t_mx_int8_vector" 3 50, 3 11 0, S_000001af18de5d20;
 .timescale 0 0;
    .port_info 0 /OUTPUT 8 "scalar";
    .port_info 1 /OUTPUT 256 "elements";
v000001af18ddda90 .array "elements", 31 0, 7 0;
v000001af18ddd090_0 .var "scalar", 7 0;
v000001af18ddc690_0 .var "zero_num", 5 0;
S_000001af18d57c10 .scope task, "post_randomize" "post_randomize" 3 18, 3 18 0, S_000001af18d59670;
 .timescale 0 0;
TD_op_negate_int8.result.post_randomize ;
    %pushi/vec4 0, 0, 6;
    %store/vec4 v000001af18ddc690_0, 0, 6;
    %fork t_5, S_000001af18d57da0;
    %jmp t_4;
    .scope S_000001af18d57da0;
t_5 ;
    %pushi/vec4 0, 0, 32;
    %store/vec4 v000001af18ddc5f0_0, 0, 32;
T_3.8 ;
    %load/vec4 v000001af18ddc5f0_0;
    %cmpi/s 31, 0, 32;
    %flag_or 5, 4;
    %jmp/0xz T_3.9, 5;
    %ix/getv/s 4, v000001af18ddc5f0_0;
    %load/vec4a v000001af18ddda90, 4;
    %pad/u 32;
    %cmpi/e 0, 0, 32;
    %jmp/0xz  T_3.10, 4;
    ; show_stmt_assign_vector: Get l-value for compressed += operand
    %load/vec4 v000001af18ddc690_0;
    %pushi/vec4 1, 0, 6;
    %add;
    %store/vec4 v000001af18ddc690_0, 0, 6;
T_3.10 ;
    ; show_stmt_assign_vector: Get l-value for compressed += operand
    %load/vec4 v000001af18ddc5f0_0;
    %pushi/vec4 1, 0, 32;
    %add;
    %cast2;
    %store/vec4 v000001af18ddc5f0_0, 0, 32;
    %jmp T_3.8;
T_3.9 ;
    %end;
    .scope S_000001af18d57c10;
t_4 %join;
    %end;
S_000001af18d57da0 .scope begin, "$ivl_foreach0" "$ivl_foreach0" 3 20, 3 20 0, S_000001af18d57c10;
 .timescale 0 0;
v000001af18ddc5f0_0 .var/2s "i", 31 0;
S_000001af18d8daa0 .scope task, "randomize" "randomize" 3 27, 3 27 0, S_000001af18d59670;
 .timescale 0 0;
TD_op_negate_int8.result.randomize ;
    %vpi_func 3 28 "$random" 32 {0 0 0};
    %pushi/vec4 256, 0, 32;
    %mod/s;
    %pad/s 8;
    %store/vec4 v000001af18ddd090_0, 0, 8;
    %fork t_7, S_000001af18d8dc30;
    %jmp t_6;
    .scope S_000001af18d8dc30;
t_7 ;
    %pushi/vec4 0, 0, 32;
    %store/vec4 v000001af18ddc9b0_0, 0, 32;
T_4.12 ;
    %load/vec4 v000001af18ddc9b0_0;
    %cmpi/s 31, 0, 32;
    %flag_or 5, 4;
    %jmp/0xz T_4.13, 5;
    %vpi_func 3 30 "$random" 32 {0 0 0};
    %pushi/vec4 256, 0, 32;
    %mod/s;
    %pad/s 8;
    %ix/getv/s 4, v000001af18ddc9b0_0;
    %store/vec4a v000001af18ddda90, 4, 0;
    ; show_stmt_assign_vector: Get l-value for compressed += operand
    %load/vec4 v000001af18ddc9b0_0;
    %pushi/vec4 1, 0, 32;
    %add;
    %cast2;
    %store/vec4 v000001af18ddc9b0_0, 0, 32;
    %jmp T_4.12;
T_4.13 ;
    %end;
    .scope S_000001af18d8daa0;
t_6 %join;
    %fork TD_op_negate_int8.result.post_randomize, S_000001af18d57c10;
    %join;
    %end;
S_000001af18d8dc30 .scope begin, "$ivl_foreach1" "$ivl_foreach1" 3 29, 3 29 0, S_000001af18d8daa0;
 .timescale 0 0;
v000001af18ddc9b0_0 .var/2s "i", 31 0;
S_000001af18d69870 .scope function.void, "set_zero" "set_zero" 3 34, 3 34 0, S_000001af18d59670;
 .timescale 0 0;
v000001af18ddceb0_0 .var/2s "elem_index", 31 0;
TD_op_negate_int8.result.set_zero ;
    %ix/getv/s 4, v000001af18ddceb0_0;
    %load/vec4a v000001af18ddda90, 4;
    %pad/u 32;
    %cmpi/ne 0, 0, 32;
    %jmp/0xz  T_5.14, 4;
    %pushi/vec4 0, 0, 8;
    %ix/getv/s 4, v000001af18ddceb0_0;
    %store/vec4a v000001af18ddda90, 4, 0;
    ; show_stmt_assign_vector: Get l-value for compressed += operand
    %load/vec4 v000001af18ddc690_0;
    %pushi/vec4 1, 0, 6;
    %add;
    %store/vec4 v000001af18ddc690_0, 0, 6;
T_5.14 ;
    %end;
S_000001af18de6180 .scope module, "tb_mxint8_bd" "tb_mxint8_bd" 4 3;
 .timescale -9 -12;
L_000001af1a93d5d0 .functor BUFZ 8, L_000001af1a93c590, C4<00000000>, C4<00000000>, C4<00000000>;
L_000001af1a93cdf0 .functor BUFZ 8, L_000001af1a93c130, C4<00000000>, C4<00000000>, C4<00000000>;
L_000001af1a93d1e0 .functor BUFZ 8, L_000001af1a93bd40, C4<00000000>, C4<00000000>, C4<00000000>;
L_000001af1a93d250 .functor BUFZ 8, L_000001af1a93c4b0, C4<00000000>, C4<00000000>, C4<00000000>;
L_000001af1a93cca0 .functor BUFZ 8, L_000001af1a93b6b0, C4<00000000>, C4<00000000>, C4<00000000>;
L_000001af1a93d020 .functor BUFZ 8, L_000001af1a93c440, C4<00000000>, C4<00000000>, C4<00000000>;
L_000001af1a93d790 .functor BUFZ 8, L_000001af1a93be20, C4<00000000>, C4<00000000>, C4<00000000>;
L_000001af1a93d9c0 .functor BUFZ 8, L_000001af1a93b720, C4<00000000>, C4<00000000>, C4<00000000>;
L_000001af1a93d640 .functor BUFZ 8, L_000001af1a93c2f0, C4<00000000>, C4<00000000>, C4<00000000>;
L_000001af1a93ce60 .functor BUFZ 8, L_000001af1a93b790, C4<00000000>, C4<00000000>, C4<00000000>;
L_000001af1a93d6b0 .functor BUFZ 8, L_000001af1a93c3d0, C4<00000000>, C4<00000000>, C4<00000000>;
L_000001af1a93d720 .functor BUFZ 8, L_000001af1a93b800, C4<00000000>, C4<00000000>, C4<00000000>;
L_000001af1a93d800 .functor BUFZ 8, L_000001af1a93baa0, C4<00000000>, C4<00000000>, C4<00000000>;
L_000001af1a93d870 .functor BUFZ 8, L_000001af1a93b870, C4<00000000>, C4<00000000>, C4<00000000>;
L_000001af1a93d8e0 .functor BUFZ 8, L_000001af1a93b9c0, C4<00000000>, C4<00000000>, C4<00000000>;
L_000001af1a93d950 .functor BUFZ 8, L_000001af1a93b8e0, C4<00000000>, C4<00000000>, C4<00000000>;
L_000001af1a93cae0 .functor BUFZ 8, L_000001af1a93c360, C4<00000000>, C4<00000000>, C4<00000000>;
L_000001af1a93cb50 .functor BUFZ 8, L_000001af1a93be90, C4<00000000>, C4<00000000>, C4<00000000>;
L_000001af1a93cd80 .functor BUFZ 8, L_000001af1a93bc60, C4<00000000>, C4<00000000>, C4<00000000>;
L_000001af1a93cbc0 .functor BUFZ 8, L_000001af1a93b950, C4<00000000>, C4<00000000>, C4<00000000>;
L_000001af1a93cd10 .functor BUFZ 8, L_000001af1a93bbf0, C4<00000000>, C4<00000000>, C4<00000000>;
L_000001af1a93ced0 .functor BUFZ 8, L_000001af1a93c1a0, C4<00000000>, C4<00000000>, C4<00000000>;
L_000001af1a93cf40 .functor BUFZ 8, L_000001af1a93ba30, C4<00000000>, C4<00000000>, C4<00000000>;
L_000001af1a93cfb0 .functor BUFZ 8, L_000001af1a93bb10, C4<00000000>, C4<00000000>, C4<00000000>;
L_000001af1a93d090 .functor BUFZ 8, L_000001af1a93bb80, C4<00000000>, C4<00000000>, C4<00000000>;
L_000001af1a93d3a0 .functor BUFZ 8, L_000001af1a93bcd0, C4<00000000>, C4<00000000>, C4<00000000>;
L_000001af1a93d100 .functor BUFZ 8, L_000001af1a93bf00, C4<00000000>, C4<00000000>, C4<00000000>;
L_000001af1a93d170 .functor BUFZ 8, L_000001af1a93bfe0, C4<00000000>, C4<00000000>, C4<00000000>;
L_000001af1a93d2c0 .functor BUFZ 8, L_000001af1a93c210, C4<00000000>, C4<00000000>, C4<00000000>;
L_000001af1a93d330 .functor BUFZ 8, L_000001af1a93c050, C4<00000000>, C4<00000000>, C4<00000000>;
L_000001af1a93d410 .functor BUFZ 8, L_000001af1a93cc30, C4<00000000>, C4<00000000>, C4<00000000>;
L_000001af1a988700 .functor BUFZ 8, L_000001af1a93d480, C4<00000000>, C4<00000000>, C4<00000000>;
L_000001af1a988150 .functor BUFZ 8, L_000001af1a93d5d0, C4<00000000>, C4<00000000>, C4<00000000>;
L_000001af1a9899d0 .functor BUFZ 8, L_000001af1a93cdf0, C4<00000000>, C4<00000000>, C4<00000000>;
L_000001af1a989810 .functor BUFZ 8, L_000001af1a93d1e0, C4<00000000>, C4<00000000>, C4<00000000>;
L_000001af1a9887e0 .functor BUFZ 8, L_000001af1a93d250, C4<00000000>, C4<00000000>, C4<00000000>;
L_000001af1a9881c0 .functor BUFZ 8, L_000001af1a93cca0, C4<00000000>, C4<00000000>, C4<00000000>;
L_000001af1a988850 .functor BUFZ 8, L_000001af1a93d020, C4<00000000>, C4<00000000>, C4<00000000>;
L_000001af1a9880e0 .functor BUFZ 8, L_000001af1a93d790, C4<00000000>, C4<00000000>, C4<00000000>;
L_000001af1a988e70 .functor BUFZ 8, L_000001af1a93d9c0, C4<00000000>, C4<00000000>, C4<00000000>;
L_000001af1a988230 .functor BUFZ 8, L_000001af1a93d640, C4<00000000>, C4<00000000>, C4<00000000>;
L_000001af1a9885b0 .functor BUFZ 8, L_000001af1a93ce60, C4<00000000>, C4<00000000>, C4<00000000>;
L_000001af1a988ee0 .functor BUFZ 8, L_000001af1a93d6b0, C4<00000000>, C4<00000000>, C4<00000000>;
L_000001af1a989880 .functor BUFZ 8, L_000001af1a93d720, C4<00000000>, C4<00000000>, C4<00000000>;
L_000001af1a9882a0 .functor BUFZ 8, L_000001af1a93d800, C4<00000000>, C4<00000000>, C4<00000000>;
L_000001af1a9893b0 .functor BUFZ 8, L_000001af1a93d870, C4<00000000>, C4<00000000>, C4<00000000>;
L_000001af1a9888c0 .functor BUFZ 8, L_000001af1a93d8e0, C4<00000000>, C4<00000000>, C4<00000000>;
L_000001af1a9883f0 .functor BUFZ 8, L_000001af1a93d950, C4<00000000>, C4<00000000>, C4<00000000>;
L_000001af1a988a10 .functor BUFZ 8, L_000001af1a93cae0, C4<00000000>, C4<00000000>, C4<00000000>;
L_000001af1a989180 .functor BUFZ 8, L_000001af1a93cb50, C4<00000000>, C4<00000000>, C4<00000000>;
L_000001af1a988310 .functor BUFZ 8, L_000001af1a93cd80, C4<00000000>, C4<00000000>, C4<00000000>;
L_000001af1a9884d0 .functor BUFZ 8, L_000001af1a93cbc0, C4<00000000>, C4<00000000>, C4<00000000>;
L_000001af1a9892d0 .functor BUFZ 8, L_000001af1a93cd10, C4<00000000>, C4<00000000>, C4<00000000>;
L_000001af1a988a80 .functor BUFZ 8, L_000001af1a93ced0, C4<00000000>, C4<00000000>, C4<00000000>;
L_000001af1a989960 .functor BUFZ 8, L_000001af1a93cf40, C4<00000000>, C4<00000000>, C4<00000000>;
L_000001af1a988380 .functor BUFZ 8, L_000001af1a93cfb0, C4<00000000>, C4<00000000>, C4<00000000>;
L_000001af1a989730 .functor BUFZ 8, L_000001af1a93d090, C4<00000000>, C4<00000000>, C4<00000000>;
L_000001af1a988af0 .functor BUFZ 8, L_000001af1a93d3a0, C4<00000000>, C4<00000000>, C4<00000000>;
L_000001af1a988930 .functor BUFZ 8, L_000001af1a93d100, C4<00000000>, C4<00000000>, C4<00000000>;
L_000001af1a988b60 .functor BUFZ 8, L_000001af1a93d170, C4<00000000>, C4<00000000>, C4<00000000>;
L_000001af1a988bd0 .functor BUFZ 8, L_000001af1a93d2c0, C4<00000000>, C4<00000000>, C4<00000000>;
L_000001af1a9897a0 .functor BUFZ 8, L_000001af1a93d330, C4<00000000>, C4<00000000>, C4<00000000>;
L_000001af1a988460 .functor BUFZ 8, L_000001af1a93d410, C4<00000000>, C4<00000000>, C4<00000000>;
L_000001af1a988620 .functor BUFZ 8, L_000001af1a988700, C4<00000000>, C4<00000000>, C4<00000000>;
v000001af1a939910_0 .var/2u "clk", 0 0;
v000001af1a939550_0 .net "data_ready", 0 0, L_000001af1a987f90;  1 drivers
v000001af1a939af0_0 .net "i_float32", 31 0, L_000001af1a938d30;  1 drivers
v000001af1a938ab0 .array "o_mxint8_elements_ref", 0 31;
v000001af1a938ab0_0 .net v000001af1a938ab0 0, 7 0, L_000001af1a93d5d0; 1 drivers
v000001af1a938ab0_1 .net v000001af1a938ab0 1, 7 0, L_000001af1a93cdf0; 1 drivers
v000001af1a938ab0_2 .net v000001af1a938ab0 2, 7 0, L_000001af1a93d1e0; 1 drivers
v000001af1a938ab0_3 .net v000001af1a938ab0 3, 7 0, L_000001af1a93d250; 1 drivers
v000001af1a938ab0_4 .net v000001af1a938ab0 4, 7 0, L_000001af1a93cca0; 1 drivers
v000001af1a938ab0_5 .net v000001af1a938ab0 5, 7 0, L_000001af1a93d020; 1 drivers
v000001af1a938ab0_6 .net v000001af1a938ab0 6, 7 0, L_000001af1a93d790; 1 drivers
v000001af1a938ab0_7 .net v000001af1a938ab0 7, 7 0, L_000001af1a93d9c0; 1 drivers
v000001af1a938ab0_8 .net v000001af1a938ab0 8, 7 0, L_000001af1a93d640; 1 drivers
v000001af1a938ab0_9 .net v000001af1a938ab0 9, 7 0, L_000001af1a93ce60; 1 drivers
v000001af1a938ab0_10 .net v000001af1a938ab0 10, 7 0, L_000001af1a93d6b0; 1 drivers
v000001af1a938ab0_11 .net v000001af1a938ab0 11, 7 0, L_000001af1a93d720; 1 drivers
v000001af1a938ab0_12 .net v000001af1a938ab0 12, 7 0, L_000001af1a93d800; 1 drivers
v000001af1a938ab0_13 .net v000001af1a938ab0 13, 7 0, L_000001af1a93d870; 1 drivers
v000001af1a938ab0_14 .net v000001af1a938ab0 14, 7 0, L_000001af1a93d8e0; 1 drivers
v000001af1a938ab0_15 .net v000001af1a938ab0 15, 7 0, L_000001af1a93d950; 1 drivers
v000001af1a938ab0_16 .net v000001af1a938ab0 16, 7 0, L_000001af1a93cae0; 1 drivers
v000001af1a938ab0_17 .net v000001af1a938ab0 17, 7 0, L_000001af1a93cb50; 1 drivers
v000001af1a938ab0_18 .net v000001af1a938ab0 18, 7 0, L_000001af1a93cd80; 1 drivers
v000001af1a938ab0_19 .net v000001af1a938ab0 19, 7 0, L_000001af1a93cbc0; 1 drivers
v000001af1a938ab0_20 .net v000001af1a938ab0 20, 7 0, L_000001af1a93cd10; 1 drivers
v000001af1a938ab0_21 .net v000001af1a938ab0 21, 7 0, L_000001af1a93ced0; 1 drivers
v000001af1a938ab0_22 .net v000001af1a938ab0 22, 7 0, L_000001af1a93cf40; 1 drivers
v000001af1a938ab0_23 .net v000001af1a938ab0 23, 7 0, L_000001af1a93cfb0; 1 drivers
v000001af1a938ab0_24 .net v000001af1a938ab0 24, 7 0, L_000001af1a93d090; 1 drivers
v000001af1a938ab0_25 .net v000001af1a938ab0 25, 7 0, L_000001af1a93d3a0; 1 drivers
v000001af1a938ab0_26 .net v000001af1a938ab0 26, 7 0, L_000001af1a93d100; 1 drivers
v000001af1a938ab0_27 .net v000001af1a938ab0 27, 7 0, L_000001af1a93d170; 1 drivers
v000001af1a938ab0_28 .net v000001af1a938ab0 28, 7 0, L_000001af1a93d2c0; 1 drivers
v000001af1a938ab0_29 .net v000001af1a938ab0 29, 7 0, L_000001af1a93d330; 1 drivers
v000001af1a938ab0_30 .net v000001af1a938ab0 30, 7 0, L_000001af1a93d410; 1 drivers
v000001af1a938ab0_31 .net v000001af1a938ab0 31, 7 0, L_000001af1a988700; 1 drivers
v000001af1a938970_0 .net "o_overflow_ref", 0 0, L_000001af1a938330;  1 drivers
v000001af1a9388d0_0 .net "o_scale_ref", 7 0, L_000001af1a939230;  1 drivers
S_000001af18d69a00 .scope module, "drv" "mx_int8_bd_drv" 4 18, 5 2 0, S_000001af18de6180;
 .timescale -9 -12;
    .port_info 0 /OUTPUT 32 "gen_float32";
    .port_info 1 /OUTPUT 1 "data_ready_o";
    .port_info 2 /INPUT 1 "clk";
L_000001af1a988770 .functor OR 1, v000001af18dd1bc0_0, v000001af18dd1d00_0, C4<0>, C4<0>;
L_000001af1a9889a0 .functor OR 1, L_000001af1a988770, v000001af18dd1620_0, C4<0>, C4<0>;
L_000001af1a988540 .functor OR 1, L_000001af1a9889a0, v000001af18dd20c0_0, C4<0>, C4<0>;
L_000001af1a989340 .functor OR 1, L_000001af1a988540, v000001af18dd1da0_0, C4<0>, C4<0>;
L_000001af1a988000 .functor OR 1, L_000001af1a989340, v000001af18dd1c60_0, C4<0>, C4<0>;
L_000001af1a987f90 .functor OR 1, L_000001af1a988000, v000001af18ddc230_0, C4<0>, C4<0>;
v000001af18ddc230_0 .var "NaN_ready", 0 0;
v000001af18ddccd0_0 .net *"_ivl_1", 0 0, L_000001af1a988770;  1 drivers
v000001af18ddd270_0 .net *"_ivl_3", 0 0, L_000001af1a9889a0;  1 drivers
v000001af18ddc910_0 .net *"_ivl_5", 0 0, L_000001af1a988540;  1 drivers
v000001af18ddd310_0 .net *"_ivl_7", 0 0, L_000001af1a989340;  1 drivers
v000001af18ddd3b0_0 .net *"_ivl_9", 0 0, L_000001af1a988000;  1 drivers
v000001af18dd1620_0 .var "carry_ready", 0 0;
v000001af18dd2020_0 .net "clk", 0 0, v000001af1a939910_0;  1 drivers
v000001af18dd19e0_0 .net "data_ready_o", 0 0, L_000001af1a987f90;  alias, 1 drivers
v000001af18dd1b20_0 .net "gen_float32", 31 0, L_000001af1a938d30;  alias, 1 drivers
v000001af18dd20c0_0 .var "overflow_ready", 0 0;
v000001af18dd1bc0_0 .var "rand_ready", 0 0;
v000001af18dd1c60_0 .var "scalar_overflow_ready", 0 0;
v000001af18dd1da0_0 .var "sub_normal_ready", 0 0;
v000001af18dd1d00_0 .var "tie_ready", 0 0;
S_000001af1a933510 .scope task, "NaN_drive" "NaN_drive" 5 97, 5 97 0, S_000001af18d69a00;
 .timescale -9 -12;
E_000001af18de91f0 .event posedge, v000001af18dd2020_0;
TD_tb_mxint8_bd.drv.NaN_drive ;
    %pushi/vec4 1, 0, 1;
    %store/vec4 v000001af18ddd6d0_0, 0, 1;
    %callf/void TD_tb_mxint8_bd.drv.data_in.set_NaN, S_000001af1a933060;
    %pushi/vec4 0, 0, 1;
    %store/vec4 v000001af18ddddb0_0, 0, 1;
    %callf/void TD_tb_mxint8_bd.drv.data_in.set_sign, S_000001af18e05d80;
    %pushi/vec4 2, 0, 32;
T_6.16 %dup/vec4;
    %pushi/vec4 0, 0, 32;
    %cmp/s;
    %jmp/1xz T_6.17, 5;
    %jmp/1 T_6.17, 4;
    %pushi/vec4 1, 0, 32;
    %sub;
    %wait E_000001af18de91f0;
    %callf/void TD_tb_mxint8_bd.drv.data_in.randomize, S_000001af1a933e70;
    %delay 1000, 0;
    %pushi/vec4 1, 0, 1;
    %store/vec4 v000001af18ddc230_0, 0, 1;
    %wait E_000001af18de91f0;
    %pushi/vec4 0, 0, 1;
    %store/vec4 v000001af18ddc230_0, 0, 1;
    %pushi/vec4 1, 0, 1;
    %store/vec4 v000001af18ddddb0_0, 0, 1;
    %callf/void TD_tb_mxint8_bd.drv.data_in.set_sign, S_000001af18e05d80;
    %jmp T_6.16;
T_6.17 ;
    %pop/vec4 1;
    %vpi_call/w 5 109 "$display", "NaN carry" {0 0 0};
    %fork TD_tb_mxint8_bd.drv.carry_drive, S_000001af1a9336a0;
    %join;
    %pushi/vec4 1, 0, 1;
    %store/vec4 v000001af18ddd6d0_0, 0, 1;
    %callf/void TD_tb_mxint8_bd.drv.data_in.set_NaN, S_000001af1a933060;
    %vpi_call/w 5 112 "$display", "NaN overflow" {0 0 0};
    %fork TD_tb_mxint8_bd.drv.overflow_drive, S_000001af18e06d20;
    %join;
    %callf/void TD_tb_mxint8_bd.drv.data_in.set_clean, S_000001af1a933380;
    %end;
S_000001af1a9336a0 .scope task, "carry_drive" "carry_drive" 5 41, 5 41 0, S_000001af18d69a00;
 .timescale -9 -12;
TD_tb_mxint8_bd.drv.carry_drive ;
    %pushi/vec4 0, 0, 1;
    %store/vec4 v000001af18ddddb0_0, 0, 1;
    %callf/void TD_tb_mxint8_bd.drv.data_in.set_sign, S_000001af18e05d80;
    %pushi/vec4 1, 0, 1;
    %store/vec4 v000001af18ddce10_0, 0, 1;
    %callf/void TD_tb_mxint8_bd.drv.data_in.set_carry, S_000001af1a9331f0;
    %pushi/vec4 2, 0, 32;
T_7.18 %dup/vec4;
    %pushi/vec4 0, 0, 32;
    %cmp/s;
    %jmp/1xz T_7.19, 5;
    %jmp/1 T_7.19, 4;
    %pushi/vec4 1, 0, 32;
    %sub;
    %wait E_000001af18de91f0;
    %callf/void TD_tb_mxint8_bd.drv.data_in.randomize, S_000001af1a933e70;
    %delay 1000, 0;
    %pushi/vec4 1, 0, 1;
    %store/vec4 v000001af18dd1620_0, 0, 1;
    %wait E_000001af18de91f0;
    %pushi/vec4 0, 0, 1;
    %store/vec4 v000001af18dd1620_0, 0, 1;
    %pushi/vec4 1, 0, 1;
    %store/vec4 v000001af18ddddb0_0, 0, 1;
    %callf/void TD_tb_mxint8_bd.drv.data_in.set_sign, S_000001af18e05d80;
    %jmp T_7.18;
T_7.19 ;
    %pop/vec4 1;
    %callf/void TD_tb_mxint8_bd.drv.data_in.set_clean, S_000001af1a933380;
    %end;
S_000001af1a933830 .scope module, "data_in" "t_fp32_scalar" 5 13, 3 54 0, S_000001af18d69a00;
 .timescale 0 0;
    .port_info 0 /OUTPUT 32 "f";
v000001af18ddd9f0_0 .var "NaN", 0 0;
v000001af18ddd1d0_0 .var "carry", 0 0;
v000001af18dddb30_0 .net "f", 31 0, L_000001af1a938d30;  alias, 1 drivers
v000001af18ddcc30_0 .var "mantissa_high", 5 0;
v000001af18ddc870_0 .var "mantissa_low", 15 0;
v000001af18dddf90_0 .var "mantissa_low_msb", 0 0;
v000001af18ddde50_0 .var "overflow", 0 0;
v000001af18dddef0_0 .var "scalar", 7 0;
v000001af18ddc410_0 .var "scalar_overflow", 0 0;
v000001af18ddc4b0_0 .var "sign", 0 0;
v000001af18dde030_0 .var "sub_normal", 0 0;
v000001af18dde0d0_0 .var "tie2even", 1 0;
LS_000001af1a938d30_0_0 .concat [ 16 1 6 8], v000001af18ddc870_0, v000001af18dddf90_0, v000001af18ddcc30_0, v000001af18dddef0_0;
LS_000001af1a938d30_0_4 .concat [ 1 0 0 0], v000001af18ddc4b0_0;
L_000001af1a938d30 .concat [ 31 1 0 0], LS_000001af1a938d30_0_0, LS_000001af1a938d30_0_4;
S_000001af1a9339c0 .scope function.vec4.s1, "random_bit" "random_bit" 3 86, 3 86 0, S_000001af1a933830;
 .timescale 0 0;
; Variable random_bit is vec4 return value of scope S_000001af1a9339c0
TD_tb_mxint8_bd.drv.data_in.random_bit ;
    %vpi_func 3 87 "$urandom" 32 {0 0 0};
    %pushi/vec4 2, 0, 32;
    %mod;
    %pad/u 1;
    %ret/vec4 0, 0, 1;  Assign to random_bit (store_vec4_to_lval)
    %disable/flow S_000001af1a9339c0;
    %end;
S_000001af1a933b50 .scope function.vec4.s6, "random_high" "random_high" 3 80, 3 80 0, S_000001af1a933830;
 .timescale 0 0;
; Variable random_high is vec4 return value of scope S_000001af1a933b50
TD_tb_mxint8_bd.drv.data_in.random_high ;
    %vpi_func 3 81 "$urandom" 32 {0 0 0};
    %pushi/vec4 64, 0, 32;
    %mod;
    %pad/u 6;
    %ret/vec4 0, 0, 6;  Assign to random_high (store_vec4_to_lval)
    %disable/flow S_000001af1a933b50;
    %end;
S_000001af1a933ce0 .scope function.vec4.s16, "random_low" "random_low" 3 83, 3 83 0, S_000001af1a933830;
 .timescale 0 0;
; Variable random_low is vec4 return value of scope S_000001af1a933ce0
TD_tb_mxint8_bd.drv.data_in.random_low ;
    %vpi_func 3 84 "$urandom" 32 {0 0 0};
    %pushi/vec4 65536, 0, 32;
    %mod;
    %pad/u 16;
    %ret/vec4 0, 0, 16;  Assign to random_low (store_vec4_to_lval)
    %disable/flow S_000001af1a933ce0;
    %end;
S_000001af1a933e70 .scope function.void, "randomize" "randomize" 3 114, 3 114 0, S_000001af1a933830;
 .timescale 0 0;
TD_tb_mxint8_bd.drv.data_in.randomize ;
    %load/vec4 v000001af18dde030_0;
    %flag_set/vec4 8;
    %jmp/0xz  T_11.20, 8;
    %pushi/vec4 0, 0, 8;
    %store/vec4 v000001af18dddef0_0, 0, 8;
    %jmp T_11.21;
T_11.20 ;
    %load/vec4 v000001af18ddd9f0_0;
    %flag_set/vec4 8;
    %jmp/0xz  T_11.22, 8;
    %pushi/vec4 255, 0, 8;
    %store/vec4 v000001af18dddef0_0, 0, 8;
    %jmp T_11.23;
T_11.22 ;
    %vpi_func 3 120 "$urandom" 32 {0 0 0};
    %pushi/vec4 128, 0, 32;
    %mod;
    %addi 1, 0, 32;
    %pad/u 8;
    %store/vec4 v000001af18dddef0_0, 0, 8;
T_11.23 ;
T_11.21 ;
    %load/vec4 v000001af18ddc410_0;
    %flag_set/vec4 8;
    %jmp/0xz  T_11.24, 8;
    %pushi/vec4 254, 0, 8;
    %store/vec4 v000001af18dddef0_0, 0, 8;
T_11.24 ;
    %callf/vec4 TD_tb_mxint8_bd.drv.data_in.random_high, S_000001af1a933b50;
    %store/vec4 v000001af18ddcc30_0, 0, 6;
    %callf/vec4 TD_tb_mxint8_bd.drv.data_in.random_low, S_000001af1a933ce0;
    %store/vec4 v000001af18ddc870_0, 0, 16;
    %callf/vec4 TD_tb_mxint8_bd.drv.data_in.random_bit, S_000001af1a9339c0;
    %store/vec4 v000001af18dddf90_0, 0, 1;
    %load/vec4 v000001af18ddd1d0_0;
    %flag_set/vec4 8;
    %jmp/0xz  T_11.26, 8;
    %pushi/vec4 1, 0, 1;
    %store/vec4 v000001af18dddf90_0, 0, 1;
T_11.28 ;
    %load/vec4 v000001af18ddc870_0;
    %and/r;
    %flag_set/vec4 8;
    %jmp/0xz T_11.29, 8;
    %callf/vec4 TD_tb_mxint8_bd.drv.data_in.random_low, S_000001af1a933ce0;
    %store/vec4 v000001af18ddc870_0, 0, 16;
    %jmp T_11.28;
T_11.29 ;
    %load/vec4 v000001af18dde0d0_0;
    %parti/s 1, 0, 2;
    %flag_set/vec4 8;
    %jmp/0xz  T_11.30, 8;
    %pushi/vec4 1, 0, 1;
    %store/vec4 v000001af18dddf90_0, 0, 1;
    %pushi/vec4 0, 0, 16;
    %store/vec4 v000001af18ddc870_0, 0, 16;
    %load/vec4 v000001af18dde0d0_0;
    %parti/s 1, 1, 2;
    %ix/load 4, 0, 0;
    %flag_set/imm 4, 0;
    %store/vec4 v000001af18ddcc30_0, 4, 1;
T_11.30 ;
T_11.26 ;
    %load/vec4 v000001af18ddde50_0;
    %flag_set/vec4 8;
    %jmp/0xz  T_11.32, 8;
    %pushi/vec4 63, 0, 6;
    %store/vec4 v000001af18ddcc30_0, 0, 6;
T_11.32 ;
    %end;
S_000001af1a933060 .scope function.void, "set_NaN" "set_NaN" 3 99, 3 99 0, S_000001af1a933830;
 .timescale 0 0;
v000001af18ddd6d0_0 .var "NaN_i", 0 0;
TD_tb_mxint8_bd.drv.data_in.set_NaN ;
    %load/vec4 v000001af18ddd6d0_0;
    %store/vec4 v000001af18ddd9f0_0, 0, 1;
    %end;
S_000001af1a9331f0 .scope function.void, "set_carry" "set_carry" 3 92, 3 92 0, S_000001af1a933830;
 .timescale 0 0;
v000001af18ddce10_0 .var "c_i", 0 0;
TD_tb_mxint8_bd.drv.data_in.set_carry ;
    %load/vec4 v000001af18ddce10_0;
    %store/vec4 v000001af18ddd1d0_0, 0, 1;
    %end;
S_000001af1a933380 .scope function.void, "set_clean" "set_clean" 3 71, 3 71 0, S_000001af1a933830;
 .timescale 0 0;
TD_tb_mxint8_bd.drv.data_in.set_clean ;
    %pushi/vec4 0, 0, 1;
    %store/vec4 v000001af18ddc4b0_0, 0, 1;
    %pushi/vec4 0, 0, 1;
    %store/vec4 v000001af18dde030_0, 0, 1;
    %pushi/vec4 0, 0, 1;
    %store/vec4 v000001af18ddd9f0_0, 0, 1;
    %pushi/vec4 0, 0, 1;
    %store/vec4 v000001af18ddd1d0_0, 0, 1;
    %pushi/vec4 0, 0, 2;
    %store/vec4 v000001af18dde0d0_0, 0, 2;
    %pushi/vec4 0, 0, 1;
    %store/vec4 v000001af18ddde50_0, 0, 1;
    %pushi/vec4 0, 0, 1;
    %store/vec4 v000001af18ddc410_0, 0, 1;
    %end;
S_000001af18e06230 .scope function.void, "set_overflow" "set_overflow" 3 95, 3 95 0, S_000001af1a933830;
 .timescale 0 0;
v000001af18ddcff0_0 .var "o_i", 0 0;
TD_tb_mxint8_bd.drv.data_in.set_overflow ;
    %load/vec4 v000001af18ddcff0_0;
    %store/vec4 v000001af18ddde50_0, 0, 1;
    %pushi/vec4 1, 0, 1;
    %store/vec4 v000001af18ddd1d0_0, 0, 1;
    %end;
S_000001af18e06a00 .scope function.void, "set_scalar_overflow" "set_scalar_overflow" 3 106, 3 106 0, S_000001af1a933830;
 .timescale 0 0;
v000001af18ddd630_0 .var "overflow_i", 0 0;
TD_tb_mxint8_bd.drv.data_in.set_scalar_overflow ;
    %load/vec4 v000001af18ddd630_0;
    %store/vec4 v000001af18ddc410_0, 0, 1;
    %load/vec4 v000001af18ddc410_0;
    %flag_set/vec4 8;
    %jmp/0xz  T_16.34, 8;
    %pushi/vec4 1, 0, 1;
    %store/vec4 v000001af18ddd1d0_0, 0, 1;
    %pushi/vec4 1, 0, 1;
    %store/vec4 v000001af18ddde50_0, 0, 1;
    %pushi/vec4 0, 0, 1;
    %store/vec4 v000001af18ddd9f0_0, 0, 1;
T_16.34 ;
    %end;
S_000001af18e05d80 .scope function.void, "set_sign" "set_sign" 3 89, 3 89 0, S_000001af1a933830;
 .timescale 0 0;
v000001af18ddddb0_0 .var "sign_i", 0 0;
TD_tb_mxint8_bd.drv.data_in.set_sign ;
    %load/vec4 v000001af18ddddb0_0;
    %store/vec4 v000001af18ddc4b0_0, 0, 1;
    %end;
S_000001af18e05f10 .scope function.void, "set_tie2even" "set_tie2even" 3 102, 3 102 0, S_000001af1a933830;
 .timescale 0 0;
TD_tb_mxint8_bd.drv.data_in.set_tie2even ;
    %callf/vec4 TD_tb_mxint8_bd.drv.data_in.random_bit, S_000001af1a9339c0;
    %concati/vec4 1, 0, 1;
    %store/vec4 v000001af18dde0d0_0, 0, 2;
    %pushi/vec4 1, 0, 1;
    %store/vec4 v000001af18ddd1d0_0, 0, 1;
    %end;
S_000001af18e05740 .scope task, "n_drive" "n_drive" 5 32, 5 32 0, S_000001af18d69a00;
 .timescale -9 -12;
v000001af18ddc7d0_0 .var/2s "n", 31 0;
TD_tb_mxint8_bd.drv.n_drive ;
    %pushi/vec4 0, 0, 1;
    %store/vec4 v000001af18ddddb0_0, 0, 1;
    %callf/void TD_tb_mxint8_bd.drv.data_in.set_sign, S_000001af18e05d80;
    %load/vec4 v000001af18ddc7d0_0;
T_19.36 %dup/vec4;
    %pushi/vec4 0, 0, 32;
    %cmp/s;
    %jmp/1xz T_19.37, 5;
    %jmp/1 T_19.37, 4;
    %pushi/vec4 1, 0, 32;
    %sub;
    %fork TD_tb_mxint8_bd.drv.single_drive, S_000001af18e05a60;
    %join;
    %jmp T_19.36;
T_19.37 ;
    %pop/vec4 1;
    %pushi/vec4 1, 0, 1;
    %store/vec4 v000001af18ddddb0_0, 0, 1;
    %callf/void TD_tb_mxint8_bd.drv.data_in.set_sign, S_000001af18e05d80;
    %load/vec4 v000001af18ddc7d0_0;
T_19.38 %dup/vec4;
    %pushi/vec4 0, 0, 32;
    %cmp/s;
    %jmp/1xz T_19.39, 5;
    %jmp/1 T_19.39, 4;
    %pushi/vec4 1, 0, 32;
    %sub;
    %fork TD_tb_mxint8_bd.drv.single_drive, S_000001af18e05a60;
    %join;
    %jmp T_19.38;
T_19.39 ;
    %pop/vec4 1;
    %end;
S_000001af18e06d20 .scope task, "overflow_drive" "overflow_drive" 5 69, 5 69 0, S_000001af18d69a00;
 .timescale -9 -12;
TD_tb_mxint8_bd.drv.overflow_drive ;
    %pushi/vec4 0, 0, 1;
    %store/vec4 v000001af18ddddb0_0, 0, 1;
    %callf/void TD_tb_mxint8_bd.drv.data_in.set_sign, S_000001af18e05d80;
    %pushi/vec4 1, 0, 1;
    %store/vec4 v000001af18ddcff0_0, 0, 1;
    %callf/void TD_tb_mxint8_bd.drv.data_in.set_overflow, S_000001af18e06230;
    %pushi/vec4 2, 0, 32;
T_20.40 %dup/vec4;
    %pushi/vec4 0, 0, 32;
    %cmp/s;
    %jmp/1xz T_20.41, 5;
    %jmp/1 T_20.41, 4;
    %pushi/vec4 1, 0, 32;
    %sub;
    %wait E_000001af18de91f0;
    %callf/void TD_tb_mxint8_bd.drv.data_in.randomize, S_000001af1a933e70;
    %delay 1000, 0;
    %pushi/vec4 1, 0, 1;
    %store/vec4 v000001af18dd20c0_0, 0, 1;
    %wait E_000001af18de91f0;
    %pushi/vec4 0, 0, 1;
    %store/vec4 v000001af18dd20c0_0, 0, 1;
    %pushi/vec4 1, 0, 1;
    %store/vec4 v000001af18ddddb0_0, 0, 1;
    %callf/void TD_tb_mxint8_bd.drv.data_in.set_sign, S_000001af18e05d80;
    %jmp T_20.40;
T_20.41 ;
    %pop/vec4 1;
    %callf/void TD_tb_mxint8_bd.drv.data_in.set_clean, S_000001af1a933380;
    %end;
S_000001af18e058d0 .scope task, "scalar_overflow_drive" "scalar_overflow_drive" 5 83, 5 83 0, S_000001af18d69a00;
 .timescale -9 -12;
TD_tb_mxint8_bd.drv.scalar_overflow_drive ;
    %pushi/vec4 0, 0, 1;
    %store/vec4 v000001af18ddddb0_0, 0, 1;
    %callf/void TD_tb_mxint8_bd.drv.data_in.set_sign, S_000001af18e05d80;
    %pushi/vec4 1, 0, 1;
    %store/vec4 v000001af18ddd630_0, 0, 1;
    %callf/void TD_tb_mxint8_bd.drv.data_in.set_scalar_overflow, S_000001af18e06a00;
    %pushi/vec4 2, 0, 32;
T_21.42 %dup/vec4;
    %pushi/vec4 0, 0, 32;
    %cmp/s;
    %jmp/1xz T_21.43, 5;
    %jmp/1 T_21.43, 4;
    %pushi/vec4 1, 0, 32;
    %sub;
    %wait E_000001af18de91f0;
    %callf/void TD_tb_mxint8_bd.drv.data_in.randomize, S_000001af1a933e70;
    %delay 1000, 0;
    %pushi/vec4 1, 0, 1;
    %store/vec4 v000001af18dd1c60_0, 0, 1;
    %wait E_000001af18de91f0;
    %pushi/vec4 0, 0, 1;
    %store/vec4 v000001af18dd1c60_0, 0, 1;
    %pushi/vec4 1, 0, 1;
    %store/vec4 v000001af18ddddb0_0, 0, 1;
    %callf/void TD_tb_mxint8_bd.drv.data_in.set_sign, S_000001af18e05d80;
    %jmp T_21.42;
T_21.43 ;
    %pop/vec4 1;
    %callf/void TD_tb_mxint8_bd.drv.data_in.set_clean, S_000001af1a933380;
    %end;
S_000001af18e05a60 .scope task, "single_drive" "single_drive" 5 22, 5 22 0, S_000001af18d69a00;
 .timescale -9 -12;
TD_tb_mxint8_bd.drv.single_drive ;
    %callf/void TD_tb_mxint8_bd.drv.data_in.randomize, S_000001af1a933e70;
    %wait E_000001af18de91f0;
    %callf/void TD_tb_mxint8_bd.drv.data_in.randomize, S_000001af1a933e70;
    %delay 1000, 0;
    %pushi/vec4 1, 0, 1;
    %store/vec4 v000001af18dd1bc0_0, 0, 1;
    %wait E_000001af18de91f0;
    %pushi/vec4 0, 0, 1;
    %store/vec4 v000001af18dd1bc0_0, 0, 1;
    %end;
S_000001af18e04f70 .scope task, "sub_normal_drive" "sub_normal_drive" 5 116, 5 116 0, S_000001af18d69a00;
 .timescale -9 -12;
TD_tb_mxint8_bd.drv.sub_normal_drive ;
    %callf/void TD_tb_mxint8_bd.drv.data_in.set_clean, S_000001af1a933380;
    %pushi/vec4 1, 0, 1;
    %store/vec4 v000001af18dde030_0, 0, 1;
    %pushi/vec4 0, 0, 1;
    %store/vec4 v000001af18ddddb0_0, 0, 1;
    %callf/void TD_tb_mxint8_bd.drv.data_in.set_sign, S_000001af18e05d80;
    %pushi/vec4 2, 0, 32;
T_23.44 %dup/vec4;
    %pushi/vec4 0, 0, 32;
    %cmp/s;
    %jmp/1xz T_23.45, 5;
    %jmp/1 T_23.45, 4;
    %pushi/vec4 1, 0, 32;
    %sub;
    %wait E_000001af18de91f0;
    %callf/void TD_tb_mxint8_bd.drv.data_in.randomize, S_000001af1a933e70;
    %delay 1000, 0;
    %pushi/vec4 1, 0, 1;
    %store/vec4 v000001af18dd1da0_0, 0, 1;
    %wait E_000001af18de91f0;
    %pushi/vec4 0, 0, 1;
    %store/vec4 v000001af18dd1da0_0, 0, 1;
    %pushi/vec4 1, 0, 1;
    %store/vec4 v000001af18ddddb0_0, 0, 1;
    %callf/void TD_tb_mxint8_bd.drv.data_in.set_sign, S_000001af18e05d80;
    %jmp T_23.44;
T_23.45 ;
    %pop/vec4 1;
    %pushi/vec4 1, 0, 1;
    %store/vec4 v000001af18ddce10_0, 0, 1;
    %callf/void TD_tb_mxint8_bd.drv.data_in.set_carry, S_000001af1a9331f0;
    %pushi/vec4 0, 0, 1;
    %store/vec4 v000001af18ddddb0_0, 0, 1;
    %callf/void TD_tb_mxint8_bd.drv.data_in.set_sign, S_000001af18e05d80;
    %pushi/vec4 2, 0, 32;
T_23.46 %dup/vec4;
    %pushi/vec4 0, 0, 32;
    %cmp/s;
    %jmp/1xz T_23.47, 5;
    %jmp/1 T_23.47, 4;
    %pushi/vec4 1, 0, 32;
    %sub;
    %wait E_000001af18de91f0;
    %pushi/vec4 1, 0, 1;
    %store/vec4 v000001af18dde030_0, 0, 1;
    %callf/void TD_tb_mxint8_bd.drv.data_in.randomize, S_000001af1a933e70;
    %delay 1000, 0;
    %pushi/vec4 1, 0, 1;
    %store/vec4 v000001af18dd1da0_0, 0, 1;
    %wait E_000001af18de91f0;
    %pushi/vec4 0, 0, 1;
    %store/vec4 v000001af18dd1da0_0, 0, 1;
    %pushi/vec4 1, 0, 1;
    %store/vec4 v000001af18ddddb0_0, 0, 1;
    %callf/void TD_tb_mxint8_bd.drv.data_in.set_sign, S_000001af18e05d80;
    %jmp T_23.46;
T_23.47 ;
    %pop/vec4 1;
    %callf/void TD_tb_mxint8_bd.drv.data_in.set_clean, S_000001af1a933380;
    %end;
S_000001af18e063c0 .scope task, "tie_drive" "tie_drive" 5 55, 5 55 0, S_000001af18d69a00;
 .timescale -9 -12;
TD_tb_mxint8_bd.drv.tie_drive ;
    %pushi/vec4 0, 0, 1;
    %store/vec4 v000001af18ddddb0_0, 0, 1;
    %callf/void TD_tb_mxint8_bd.drv.data_in.set_sign, S_000001af18e05d80;
    %pushi/vec4 4, 0, 32;
T_24.48 %dup/vec4;
    %pushi/vec4 0, 0, 32;
    %cmp/s;
    %jmp/1xz T_24.49, 5;
    %jmp/1 T_24.49, 4;
    %pushi/vec4 1, 0, 32;
    %sub;
    %wait E_000001af18de91f0;
    %callf/void TD_tb_mxint8_bd.drv.data_in.set_tie2even, S_000001af18e05f10;
    %callf/void TD_tb_mxint8_bd.drv.data_in.randomize, S_000001af1a933e70;
    %delay 1000, 0;
    %pushi/vec4 1, 0, 1;
    %store/vec4 v000001af18dd1d00_0, 0, 1;
    %wait E_000001af18de91f0;
    %pushi/vec4 0, 0, 1;
    %store/vec4 v000001af18dd1d00_0, 0, 1;
    %pushi/vec4 1, 0, 1;
    %store/vec4 v000001af18ddddb0_0, 0, 1;
    %callf/void TD_tb_mxint8_bd.drv.data_in.set_sign, S_000001af18e05d80;
    %jmp T_24.48;
T_24.49 ;
    %pop/vec4 1;
    %callf/void TD_tb_mxint8_bd.drv.data_in.set_clean, S_000001af1a933380;
    %end;
S_000001af18e06550 .scope module, "mon" "mx_int8_bd_mon" 4 24, 6 2 0, S_000001af18de6180;
 .timescale -9 -12;
    .port_info 0 /INPUT 32 "i_float32";
    .port_info 1 /INPUT 8 "ref_o_scale";
    .port_info 2 /INPUT 256 "ref_o_mxint8_elements";
    .port_info 3 /INPUT 1 "ref_o_overflow";
    .port_info 4 /INPUT 1 "data_ready_i";
    .port_info 5 /INPUT 1 "clk";
v000001af18e08420_0 .net "clk", 0 0, v000001af1a939910_0;  alias, 1 drivers
v000001af18e07b60_0 .var "data_out", 7 0;
v000001af18e08380_0 .net "data_ready_i", 0 0, L_000001af1a987f90;  alias, 1 drivers
v000001af18e084c0_0 .var/real "decoded_out", 0 0;
v000001af18e08b00_0 .net "i_float32", 31 0, L_000001af1a938d30;  alias, 1 drivers
v000001af18e08060 .array "ref_o_mxint8_elements", 0 31;
v000001af18e08060_0 .net v000001af18e08060 0, 7 0, L_000001af1a988150; 1 drivers
v000001af18e08060_1 .net v000001af18e08060 1, 7 0, L_000001af1a9899d0; 1 drivers
v000001af18e08060_2 .net v000001af18e08060 2, 7 0, L_000001af1a989810; 1 drivers
v000001af18e08060_3 .net v000001af18e08060 3, 7 0, L_000001af1a9887e0; 1 drivers
v000001af18e08060_4 .net v000001af18e08060 4, 7 0, L_000001af1a9881c0; 1 drivers
v000001af18e08060_5 .net v000001af18e08060 5, 7 0, L_000001af1a988850; 1 drivers
v000001af18e08060_6 .net v000001af18e08060 6, 7 0, L_000001af1a9880e0; 1 drivers
v000001af18e08060_7 .net v000001af18e08060 7, 7 0, L_000001af1a988e70; 1 drivers
v000001af18e08060_8 .net v000001af18e08060 8, 7 0, L_000001af1a988230; 1 drivers
v000001af18e08060_9 .net v000001af18e08060 9, 7 0, L_000001af1a9885b0; 1 drivers
v000001af18e08060_10 .net v000001af18e08060 10, 7 0, L_000001af1a988ee0; 1 drivers
v000001af18e08060_11 .net v000001af18e08060 11, 7 0, L_000001af1a989880; 1 drivers
v000001af18e08060_12 .net v000001af18e08060 12, 7 0, L_000001af1a9882a0; 1 drivers
v000001af18e08060_13 .net v000001af18e08060 13, 7 0, L_000001af1a9893b0; 1 drivers
v000001af18e08060_14 .net v000001af18e08060 14, 7 0, L_000001af1a9888c0; 1 drivers
v000001af18e08060_15 .net v000001af18e08060 15, 7 0, L_000001af1a9883f0; 1 drivers
v000001af18e08060_16 .net v000001af18e08060 16, 7 0, L_000001af1a988a10; 1 drivers
v000001af18e08060_17 .net v000001af18e08060 17, 7 0, L_000001af1a989180; 1 drivers
v000001af18e08060_18 .net v000001af18e08060 18, 7 0, L_000001af1a988310; 1 drivers
v000001af18e08060_19 .net v000001af18e08060 19, 7 0, L_000001af1a9884d0; 1 drivers
v000001af18e08060_20 .net v000001af18e08060 20, 7 0, L_000001af1a9892d0; 1 drivers
v000001af18e08060_21 .net v000001af18e08060 21, 7 0, L_000001af1a988a80; 1 drivers
v000001af18e08060_22 .net v000001af18e08060 22, 7 0, L_000001af1a989960; 1 drivers
v000001af18e08060_23 .net v000001af18e08060 23, 7 0, L_000001af1a988380; 1 drivers
v000001af18e08060_24 .net v000001af18e08060 24, 7 0, L_000001af1a989730; 1 drivers
v000001af18e08060_25 .net v000001af18e08060 25, 7 0, L_000001af1a988af0; 1 drivers
v000001af18e08060_26 .net v000001af18e08060 26, 7 0, L_000001af1a988930; 1 drivers
v000001af18e08060_27 .net v000001af18e08060 27, 7 0, L_000001af1a988b60; 1 drivers
v000001af18e08060_28 .net v000001af18e08060 28, 7 0, L_000001af1a988bd0; 1 drivers
v000001af18e08060_29 .net v000001af18e08060 29, 7 0, L_000001af1a9897a0; 1 drivers
v000001af18e08060_30 .net v000001af18e08060 30, 7 0, L_000001af1a988460; 1 drivers
v000001af18e08060_31 .net v000001af18e08060 31, 7 0, L_000001af1a988620; 1 drivers
v000001af18e08880_0 .net "ref_o_overflow", 0 0, L_000001af1a938330;  alias, 1 drivers
v000001af18e08100_0 .net "ref_o_scale", 7 0, L_000001af1a939230;  alias, 1 drivers
v000001af18e08ba0_0 .var/2s "transection_id", 31 0;
E_000001af18de9770 .event negedge, v000001af18dd2020_0;
S_000001af18e05bf0 .scope autofunction.vec4.s1, "decoder" "decoder" 6 58, 6 58 0, S_000001af18e06550;
 .timescale -9 -12;
v000001af18dd14e0_0 .var/real "decimal_data", 0 0;
; Variable decoder is vec4 return value of scope S_000001af18e05bf0
v000001af18e07e80_0 .var "int8_data", 7 0;
v000001af18e070c0_0 .var/real "scale", 0 0;
TD_tb_mxint8_bd.mon.decoder ;
    %pushi/real 1073741824, 4066; load=1.00000
    %store/real v000001af18e070c0_0;
    %pushi/real 0, 4065; load=0.00000
    %store/real v000001af18dd14e0_0;
    %fork t_9, S_000001af18e066e0;
    %jmp t_8;
    .scope S_000001af18e066e0;
t_9 ;
    %pushi/vec4 6, 0, 32;
    %store/vec4 v000001af18dd1440_0, 0, 32;
T_25.50 ;
    %load/vec4 v000001af18dd1440_0;
    %cmpi/s 0, 0, 32;
    %flag_inv 5; GE is !LT
    %jmp/0xz T_25.51, 5;
    %load/vec4 v000001af18e07e80_0;
    %load/vec4 v000001af18dd1440_0;
    %part/s 1;
    %cmpi/e 1, 0, 1;
    %jmp/0xz  T_25.52, 4;
    ; show_stmt_assign_real: Get l-value for compressed += operand
    %load/real v000001af18dd14e0_0;
    %load/real v000001af18e070c0_0;
    %add/wr;
    %store/real v000001af18dd14e0_0;
T_25.52 ;
    %load/real v000001af18e070c0_0;
    %pushi/vec4 2, 0, 32;
    %cvt/rv/s;
    %div/wr;
    %store/real v000001af18e070c0_0;
    %load/vec4 v000001af18dd1440_0;
    %subi 1, 0, 32;
    %cast2;
    %store/vec4 v000001af18dd1440_0, 0, 32;
    %jmp T_25.50;
T_25.51 ;
    %end;
    .scope S_000001af18e05bf0;
t_8 %join;
    %load/vec4 v000001af18e07e80_0;
    %parti/s 1, 7, 4;
    %flag_set/vec4 8;
    %jmp/0xz  T_25.54, 8;
    ; show_stmt_assign_real: Get l-value for compressed -= operand
    %load/real v000001af18dd14e0_0;
    %pushi/real 1073741824, 4067; load=2.00000
    %sub/wr;
    %store/real v000001af18dd14e0_0;
T_25.54 ;
    %load/real v000001af18dd14e0_0;
    %cvt/vr 1;
    %ret/vec4 0, 0, 1;  Assign to decoder (store_vec4_to_lval)
    %disable/flow S_000001af18e05bf0;
    %end;
S_000001af18e066e0 .scope autobegin, "$ivl_for_loop1" "$ivl_for_loop1" 6 63, 6 63 0, S_000001af18e05bf0;
 .timescale -9 -12;
v000001af18dd1440_0 .var/2s "i", 31 0;
S_000001af18e060a0 .scope task, "single_mon" "single_mon" 6 34, 6 34 0, S_000001af18e06550;
 .timescale -9 -12;
v000001af18e07fc0_0 .var "same", 0 0;
TD_tb_mxint8_bd.mon.single_mon ;
    %pushi/vec4 1, 0, 1;
    %store/vec4 v000001af18e07fc0_0, 0, 1;
    %ix/load 4, 0, 0;
    %flag_set/imm 4, 0;
    %load/vec4a v000001af18e08060, 4;
    %store/vec4 v000001af18e07b60_0, 0, 8;
    %alloc S_000001af18e05bf0;
    %ix/load 4, 0, 0;
    %flag_set/imm 4, 0;
    %load/vec4a v000001af18e08060, 4;
    %store/vec4 v000001af18e07e80_0, 0, 8;
    %callf/vec4 TD_tb_mxint8_bd.mon.decoder, S_000001af18e05bf0;
    %free S_000001af18e05bf0;
    %cvt/rv;
    %store/real v000001af18e084c0_0;
    %delay 0, 0;
    %vpi_call/w 6 42 "$display", "input binary: \012%b", v000001af18e08b00_0 {0 0 0};
    %pushi/vec4 127, 127, 7;
    %load/vec4 v000001af18e07b60_0;
    %concat/vec4; draw_concat_vec4
    %vpi_call/w 6 43 "$display", "%b  :INT8 element mantissa output binary REF", S<0,vec4,u15> {1 0 0};
    %pushi/vec4 1, 1, 1;
    %load/vec4 v000001af18e08100_0;
    %concat/vec4; draw_concat_vec4
    %vpi_call/w 6 44 "$display", "%b  :E8M0 shared scalar output binary REF", S<0,vec4,u9> {1 0 0};
    %vpi_call/w 6 45 "$display", "%b  :o_overflow output binary REF", v000001af18e08880_0 {0 0 0};
    %fork t_11, S_000001af18e05290;
    %jmp t_10;
    .scope S_000001af18e05290;
t_11 ;
    %pushi/vec4 0, 0, 32;
    %store/vec4 v000001af18e08c40_0, 0, 32;
T_26.56 ;
    %load/vec4 v000001af18e08c40_0;
    %cmpi/s 31, 0, 32;
    %jmp/0xz T_26.57, 5;
    %ix/getv/s 4, v000001af18e08c40_0;
    %load/vec4a v000001af18e08060, 4;
    %load/vec4 v000001af18e08c40_0;
    %addi 1, 0, 32;
    %ix/vec4/s 4;
    %load/vec4a v000001af18e08060, 4;
    %cmp/ne;
    %jmp/0xz  T_26.58, 4;
    %pushi/vec4 0, 0, 1;
    %store/vec4 v000001af18e07fc0_0, 0, 1;
    %load/vec4 v000001af18e08c40_0;
    %addi 1, 0, 32;
    %vpi_call/w 6 49 "$display", "ERROR in broadcase e:%d != e:%d", v000001af18e08c40_0, S<0,vec4,s32> {1 0 0};
T_26.58 ;
    %load/vec4 v000001af18e08c40_0;
    %addi 1, 0, 32;
    %cast2;
    %store/vec4 v000001af18e08c40_0, 0, 32;
    %jmp T_26.56;
T_26.57 ;
    %end;
    .scope S_000001af18e060a0;
t_10 %join;
    %load/vec4 v000001af18e07fc0_0;
    %nor/r;
    %flag_set/vec4 8;
    %jmp/0xz  T_26.60, 8;
    %vpi_call/w 6 53 "$display", "broadcase elements same ERROR" {0 0 0};
    %pushi/vec4 1, 0, 1;
    %store/vec4 v000001af18e07fc0_0, 0, 1;
T_26.60 ;
    %end;
S_000001af18e05290 .scope begin, "$ivl_for_loop0" "$ivl_for_loop0" 6 46, 6 46 0, S_000001af18e060a0;
 .timescale -9 -12;
v000001af18e08c40_0 .var/2s "i", 31 0;
S_000001af18e06870 .scope module, "ref_blk" "mx_int8_bd_ref" 4 11, 7 1 0, S_000001af18de6180;
 .timescale -9 -12;
    .port_info 0 /INPUT 32 "i_float32";
    .port_info 1 /OUTPUT 8 "o_scale";
    .port_info 2 /OUTPUT 256 "o_mxint8_elements";
    .port_info 3 /OUTPUT 1 "o_overflow";
L_000001af1a93d560 .functor AND 1, L_000001af1a939370, L_000001af1a939190, C4<1>, C4<1>;
L_000001af1a93d4f0 .functor AND 1, L_000001af1a93d560, L_000001af1a939ff0, C4<1>, C4<1>;
L_000001af1a93ff10 .functor BUFT 1, C4<0>, C4<0>, C4<0>, C4<0>;
v000001af18e077a0_0 .net/2u *"_ivl_10", 0 0, L_000001af1a93ff10;  1 drivers
v000001af18e082e0_0 .net *"_ivl_12", 23 0, L_000001af1a938510;  1 drivers
L_000001af1a93ff58 .functor BUFT 1, C4<1>, C4<0>, C4<0>, C4<0>;
v000001af18e086a0_0 .net/2u *"_ivl_14", 0 0, L_000001af1a93ff58;  1 drivers
v000001af18e08a60_0 .net *"_ivl_16", 23 0, L_000001af1a939a50;  1 drivers
v000001af18e08920_0 .net *"_ivl_21", 15 0, L_000001af1a939f50;  1 drivers
L_000001af1a93ffa0 .functor BUFT 1, C4<0>, C4<0>, C4<0>, C4<0>;
v000001af18e08560_0 .net/2u *"_ivl_24", 0 0, L_000001af1a93ffa0;  1 drivers
v000001af18e07200_0 .net *"_ivl_27", 6 0, L_000001af1a939cd0;  1 drivers
v000001af18e08ce0_0 .net *"_ivl_35", 6 0, L_000001af1a939d70;  1 drivers
v000001af18e087e0_0 .net *"_ivl_37", 0 0, L_000001af1a939190;  1 drivers
v000001af18e06f80_0 .net *"_ivl_39", 0 0, L_000001af1a93d560;  1 drivers
v000001af18e07840_0 .net *"_ivl_41", 0 0, L_000001af1a939050;  1 drivers
v000001af18e089c0_0 .net *"_ivl_43", 0 0, L_000001af1a939ff0;  1 drivers
v000001af18e08740_0 .net *"_ivl_45", 0 0, L_000001af1a93d4f0;  1 drivers
L_000001af1a93ffe8 .functor BUFT 1, C4<1>, C4<0>, C4<0>, C4<0>;
v000001af18e08600_0 .net/2u *"_ivl_46", 0 0, L_000001af1a93ffe8;  1 drivers
L_000001af1a940030 .functor BUFT 1, C4<0>, C4<0>, C4<0>, C4<0>;
v000001af18e08d80_0 .net/2u *"_ivl_48", 0 0, L_000001af1a940030;  1 drivers
v000001af18e072a0_0 .net *"_ivl_53", 0 0, L_000001af1a938470;  1 drivers
L_000001af1a940078 .functor BUFT 1, C4<00000001>, C4<0>, C4<0>, C4<0>;
v000001af18e07660_0 .net/2u *"_ivl_54", 7 0, L_000001af1a940078;  1 drivers
v000001af18e08e20_0 .net *"_ivl_56", 7 0, L_000001af1a9383d0;  1 drivers
v000001af18e07ac0_0 .net *"_ivl_58", 7 0, L_000001af1a9386f0;  1 drivers
L_000001af1a93fec8 .functor BUFT 1, C4<00000000>, C4<0>, C4<0>, C4<0>;
v000001af18e078e0_0 .net/2u *"_ivl_6", 7 0, L_000001af1a93fec8;  1 drivers
L_000001af1a9400c0 .functor BUFT 1, C4<0>, C4<0>, C4<0>, C4<0>;
v000001af18e07980_0 .net/2u *"_ivl_62", 0 0, L_000001af1a9400c0;  1 drivers
v000001af18e07020_0 .net *"_ivl_65", 6 0, L_000001af1a938830;  1 drivers
v000001af18e07340_0 .net *"_ivl_66", 7 0, L_000001af1a938a10;  1 drivers
L_000001af1a940108 .functor BUFT 1, C4<0>, C4<0>, C4<0>, C4<0>;
v000001af18e07700_0 .net/2u *"_ivl_68", 0 0, L_000001af1a940108;  1 drivers
v000001af18e073e0_0 .net *"_ivl_71", 6 0, L_000001af1a938b50;  1 drivers
v000001af18e07a20_0 .net *"_ivl_72", 7 0, L_000001af1a938bf0;  1 drivers
v000001af18e07d40_0 .net *"_ivl_8", 0 0, L_000001af1a9399b0;  1 drivers
v000001af18e07de0_0 .var "carry", 0 0;
v000001af18e07f20_0 .net "fp32_m", 23 0, L_000001af1a939c30;  1 drivers
v000001af1a9390f0_0 .net "fp32_mantissa", 22 0, L_000001af1a938290;  1 drivers
v000001af1a939eb0_0 .net "fp32_scalar", 7 0, L_000001af1a938dd0;  1 drivers
v000001af1a9385b0_0 .net "fp32_sign", 0 0, L_000001af1a938790;  1 drivers
v000001af1a939e10_0 .net "fp_m_high", 7 0, L_000001af1a938650;  1 drivers
v000001af1a939b90_0 .net "fp_m_low", 16 0, L_000001af1a93a090;  1 drivers
v000001af1a939690_0 .var "fp_round", 7 0;
v000001af1a9392d0_0 .var "fp_round_signed", 7 0;
v000001af1a939730_0 .net "fp_round_unsigned", 7 0, L_000001af1a938c90;  1 drivers
v000001af1a938e70_0 .net "i_float32", 31 0, L_000001af1a938d30;  alias, 1 drivers
v000001af1a93a130_0 .net "larger", 0 0, L_000001af1a9395f0;  1 drivers
v000001af1a9397d0 .array "o_mxint8_elements", 0 31;
v000001af1a9397d0_0 .net v000001af1a9397d0 0, 7 0, L_000001af1a93c590; 1 drivers
v000001af1a9397d0_1 .net v000001af1a9397d0 1, 7 0, L_000001af1a93c130; 1 drivers
v000001af1a9397d0_2 .net v000001af1a9397d0 2, 7 0, L_000001af1a93bd40; 1 drivers
v000001af1a9397d0_3 .net v000001af1a9397d0 3, 7 0, L_000001af1a93c4b0; 1 drivers
v000001af1a9397d0_4 .net v000001af1a9397d0 4, 7 0, L_000001af1a93b6b0; 1 drivers
v000001af1a9397d0_5 .net v000001af1a9397d0 5, 7 0, L_000001af1a93c440; 1 drivers
v000001af1a9397d0_6 .net v000001af1a9397d0 6, 7 0, L_000001af1a93be20; 1 drivers
v000001af1a9397d0_7 .net v000001af1a9397d0 7, 7 0, L_000001af1a93b720; 1 drivers
v000001af1a9397d0_8 .net v000001af1a9397d0 8, 7 0, L_000001af1a93c2f0; 1 drivers
v000001af1a9397d0_9 .net v000001af1a9397d0 9, 7 0, L_000001af1a93b790; 1 drivers
v000001af1a9397d0_10 .net v000001af1a9397d0 10, 7 0, L_000001af1a93c3d0; 1 drivers
v000001af1a9397d0_11 .net v000001af1a9397d0 11, 7 0, L_000001af1a93b800; 1 drivers
v000001af1a9397d0_12 .net v000001af1a9397d0 12, 7 0, L_000001af1a93baa0; 1 drivers
v000001af1a9397d0_13 .net v000001af1a9397d0 13, 7 0, L_000001af1a93b870; 1 drivers
v000001af1a9397d0_14 .net v000001af1a9397d0 14, 7 0, L_000001af1a93b9c0; 1 drivers
v000001af1a9397d0_15 .net v000001af1a9397d0 15, 7 0, L_000001af1a93b8e0; 1 drivers
v000001af1a9397d0_16 .net v000001af1a9397d0 16, 7 0, L_000001af1a93c360; 1 drivers
v000001af1a9397d0_17 .net v000001af1a9397d0 17, 7 0, L_000001af1a93be90; 1 drivers
v000001af1a9397d0_18 .net v000001af1a9397d0 18, 7 0, L_000001af1a93bc60; 1 drivers
v000001af1a9397d0_19 .net v000001af1a9397d0 19, 7 0, L_000001af1a93b950; 1 drivers
v000001af1a9397d0_20 .net v000001af1a9397d0 20, 7 0, L_000001af1a93bbf0; 1 drivers
v000001af1a9397d0_21 .net v000001af1a9397d0 21, 7 0, L_000001af1a93c1a0; 1 drivers
v000001af1a9397d0_22 .net v000001af1a9397d0 22, 7 0, L_000001af1a93ba30; 1 drivers
v000001af1a9397d0_23 .net v000001af1a9397d0 23, 7 0, L_000001af1a93bb10; 1 drivers
v000001af1a9397d0_24 .net v000001af1a9397d0 24, 7 0, L_000001af1a93bb80; 1 drivers
v000001af1a9397d0_25 .net v000001af1a9397d0 25, 7 0, L_000001af1a93bcd0; 1 drivers
v000001af1a9397d0_26 .net v000001af1a9397d0 26, 7 0, L_000001af1a93bf00; 1 drivers
v000001af1a9397d0_27 .net v000001af1a9397d0 27, 7 0, L_000001af1a93bfe0; 1 drivers
v000001af1a9397d0_28 .net v000001af1a9397d0 28, 7 0, L_000001af1a93c210; 1 drivers
v000001af1a9397d0_29 .net v000001af1a9397d0 29, 7 0, L_000001af1a93c050; 1 drivers
v000001af1a9397d0_30 .net v000001af1a9397d0 30, 7 0, L_000001af1a93cc30; 1 drivers
v000001af1a9397d0_31 .net v000001af1a9397d0 31, 7 0, L_000001af1a93d480; 1 drivers
v000001af1a939870_0 .net "o_overflow", 0 0, L_000001af1a938330;  alias, 1 drivers
v000001af1a938fb0_0 .net "o_scale", 7 0, L_000001af1a939230;  alias, 1 drivers
v000001af1a938f10_0 .net "overflow", 0 0, L_000001af1a939370;  1 drivers
E_000001af18de9330 .event anyedge, v000001af1a9385b0_0, v000001af1a939730_0;
E_000001af18de9970 .event anyedge, v000001af18e07de0_0, v000001af1a939e10_0;
E_000001af18de8a70 .event anyedge, v000001af1a939e10_0, v000001af1a93a130_0, v000001af1a939b90_0;
L_000001af1a938790 .part L_000001af1a938d30, 31, 1;
L_000001af1a938dd0 .part L_000001af1a938d30, 23, 8;
L_000001af1a938290 .part L_000001af1a938d30, 0, 23;
L_000001af1a9399b0 .cmp/eq 8, L_000001af1a938dd0, L_000001af1a93fec8;
L_000001af1a938510 .concat [ 23 1 0 0], L_000001af1a938290, L_000001af1a93ff10;
L_000001af1a939a50 .concat [ 23 1 0 0], L_000001af1a938290, L_000001af1a93ff58;
L_000001af1a939c30 .functor MUXZ 24, L_000001af1a939a50, L_000001af1a938510, L_000001af1a9399b0, C4<>;
L_000001af1a939f50 .part L_000001af1a93a090, 0, 16;
L_000001af1a9395f0 .reduce/xor L_000001af1a939f50;
L_000001af1a939cd0 .part L_000001af1a939c30, 17, 7;
L_000001af1a938650 .concat [ 7 1 0 0], L_000001af1a939cd0, L_000001af1a93ffa0;
L_000001af1a93a090 .part L_000001af1a939c30, 0, 17;
L_000001af1a939370 .part v000001af1a939690_0, 7, 1;
L_000001af1a939d70 .part L_000001af1a938dd0, 1, 7;
L_000001af1a939190 .reduce/and L_000001af1a939d70;
L_000001af1a939050 .part L_000001af1a938dd0, 0, 1;
L_000001af1a939ff0 .reduce/nor L_000001af1a939050;
L_000001af1a938330 .functor MUXZ 1, L_000001af1a940030, L_000001af1a93ffe8, L_000001af1a93d4f0, C4<>;
L_000001af1a938470 .reduce/and L_000001af1a938dd0;
L_000001af1a9383d0 .arith/sum 8, L_000001af1a938dd0, L_000001af1a940078;
L_000001af1a9386f0 .functor MUXZ 8, L_000001af1a938dd0, L_000001af1a9383d0, L_000001af1a939370, C4<>;
L_000001af1a939230 .functor MUXZ 8, L_000001af1a9386f0, L_000001af1a938dd0, L_000001af1a938470, C4<>;
L_000001af1a938830 .part v000001af1a939690_0, 1, 7;
L_000001af1a938a10 .concat [ 7 1 0 0], L_000001af1a938830, L_000001af1a9400c0;
L_000001af1a938b50 .part v000001af1a939690_0, 0, 7;
L_000001af1a938bf0 .concat [ 7 1 0 0], L_000001af1a938b50, L_000001af1a940108;
L_000001af1a938c90 .functor MUXZ 8, L_000001af1a938bf0, L_000001af1a938a10, L_000001af1a939370, C4<>;
S_000001af18e06b90 .scope function.vec4.s1, "carry_logic" "carry_logic" 7 70, 7 70 0, S_000001af18e06870;
 .timescale -9 -12;
; Variable carry_logic is vec4 return value of scope S_000001af18e06b90
v000001af18e081a0_0 .var "high_lsb", 0 0;
v000001af18e07520_0 .var "larger", 0 0;
v000001af18e08240_0 .var "low_msb", 0 0;
TD_tb_mxint8_bd.ref_blk.carry_logic ;
    %load/vec4 v000001af18e08240_0;
    %nor/r;
    %flag_set/vec4 8;
    %jmp/0xz  T_27.62, 8;
    %pushi/vec4 0, 0, 1;
    %ret/vec4 0, 0, 1;  Assign to carry_logic (store_vec4_to_lval)
    %disable/flow S_000001af18e06b90;
    %jmp T_27.63;
T_27.62 ;
    %load/vec4 v000001af18e07520_0;
    %flag_set/vec4 8;
    %jmp/0xz  T_27.64, 8;
    %pushi/vec4 1, 0, 1;
    %ret/vec4 0, 0, 1;  Assign to carry_logic (store_vec4_to_lval)
    %disable/flow S_000001af18e06b90;
    %jmp T_27.65;
T_27.64 ;
    %load/vec4 v000001af18e081a0_0;
    %ret/vec4 0, 0, 1;  Assign to carry_logic (store_vec4_to_lval)
    %disable/flow S_000001af18e06b90;
T_27.65 ;
T_27.63 ;
    %end;
S_000001af18e05100 .scope generate, "genblk1[0]" "genblk1[0]" 7 58, 7 58 0, S_000001af18e06870;
 .timescale -9 -12;
P_000001af18dea0b0 .param/l "i" 0 7 58, +C4<00>;
L_000001af1a93c590 .functor BUFZ 8, v000001af1a9392d0_0, C4<00000000>, C4<00000000>, C4<00000000>;
S_000001af18e05420 .scope generate, "genblk1[1]" "genblk1[1]" 7 58, 7 58 0, S_000001af18e06870;
 .timescale -9 -12;
P_000001af18dea4b0 .param/l "i" 0 7 58, +C4<01>;
L_000001af1a93c130 .functor BUFZ 8, v000001af1a9392d0_0, C4<00000000>, C4<00000000>, C4<00000000>;
S_000001af18e055b0 .scope generate, "genblk1[2]" "genblk1[2]" 7 58, 7 58 0, S_000001af18e06870;
 .timescale -9 -12;
P_000001af18de9bf0 .param/l "i" 0 7 58, +C4<010>;
L_000001af1a93bd40 .functor BUFZ 8, v000001af1a9392d0_0, C4<00000000>, C4<00000000>, C4<00000000>;
S_000001af18e0b710 .scope generate, "genblk1[3]" "genblk1[3]" 7 58, 7 58 0, S_000001af18e06870;
 .timescale -9 -12;
P_000001af18dea4f0 .param/l "i" 0 7 58, +C4<011>;
L_000001af1a93c4b0 .functor BUFZ 8, v000001af1a9392d0_0, C4<00000000>, C4<00000000>, C4<00000000>;
S_000001af18e0b3f0 .scope generate, "genblk1[4]" "genblk1[4]" 7 58, 7 58 0, S_000001af18e06870;
 .timescale -9 -12;
P_000001af18dea0f0 .param/l "i" 0 7 58, +C4<0100>;
L_000001af1a93b6b0 .functor BUFZ 8, v000001af1a9392d0_0, C4<00000000>, C4<00000000>, C4<00000000>;
S_000001af18e0bbc0 .scope generate, "genblk1[5]" "genblk1[5]" 7 58, 7 58 0, S_000001af18e06870;
 .timescale -9 -12;
P_000001af18de9d30 .param/l "i" 0 7 58, +C4<0101>;
L_000001af1a93c440 .functor BUFZ 8, v000001af1a9392d0_0, C4<00000000>, C4<00000000>, C4<00000000>;
S_000001af18e0a770 .scope generate, "genblk1[6]" "genblk1[6]" 7 58, 7 58 0, S_000001af18e06870;
 .timescale -9 -12;
P_000001af18dea130 .param/l "i" 0 7 58, +C4<0110>;
L_000001af1a93be20 .functor BUFZ 8, v000001af1a9392d0_0, C4<00000000>, C4<00000000>, C4<00000000>;
S_000001af18e0a900 .scope generate, "genblk1[7]" "genblk1[7]" 7 58, 7 58 0, S_000001af18e06870;
 .timescale -9 -12;
P_000001af18dea2f0 .param/l "i" 0 7 58, +C4<0111>;
L_000001af1a93b720 .functor BUFZ 8, v000001af1a9392d0_0, C4<00000000>, C4<00000000>, C4<00000000>;
S_000001af18e0b8a0 .scope generate, "genblk1[8]" "genblk1[8]" 7 58, 7 58 0, S_000001af18e06870;
 .timescale -9 -12;
P_000001af18de9fb0 .param/l "i" 0 7 58, +C4<01000>;
L_000001af1a93c2f0 .functor BUFZ 8, v000001af1a9392d0_0, C4<00000000>, C4<00000000>, C4<00000000>;
S_000001af18e0ba30 .scope generate, "genblk1[9]" "genblk1[9]" 7 58, 7 58 0, S_000001af18e06870;
 .timescale -9 -12;
P_000001af18de9f30 .param/l "i" 0 7 58, +C4<01001>;
L_000001af1a93b790 .functor BUFZ 8, v000001af1a9392d0_0, C4<00000000>, C4<00000000>, C4<00000000>;
S_000001af18e0a130 .scope generate, "genblk1[10]" "genblk1[10]" 7 58, 7 58 0, S_000001af18e06870;
 .timescale -9 -12;
P_000001af18dea8f0 .param/l "i" 0 7 58, +C4<01010>;
L_000001af1a93c3d0 .functor BUFZ 8, v000001af1a9392d0_0, C4<00000000>, C4<00000000>, C4<00000000>;
S_000001af18e0b580 .scope generate, "genblk1[11]" "genblk1[11]" 7 58, 7 58 0, S_000001af18e06870;
 .timescale -9 -12;
P_000001af18de9af0 .param/l "i" 0 7 58, +C4<01011>;
L_000001af1a93b800 .functor BUFZ 8, v000001af1a9392d0_0, C4<00000000>, C4<00000000>, C4<00000000>;
S_000001af18e0bd50 .scope generate, "genblk1[12]" "genblk1[12]" 7 58, 7 58 0, S_000001af18e06870;
 .timescale -9 -12;
P_000001af18dea8b0 .param/l "i" 0 7 58, +C4<01100>;
L_000001af1a93baa0 .functor BUFZ 8, v000001af1a9392d0_0, C4<00000000>, C4<00000000>, C4<00000000>;
S_000001af18e09fa0 .scope generate, "genblk1[13]" "genblk1[13]" 7 58, 7 58 0, S_000001af18e06870;
 .timescale -9 -12;
P_000001af18de9b30 .param/l "i" 0 7 58, +C4<01101>;
L_000001af1a93b870 .functor BUFZ 8, v000001af1a9392d0_0, C4<00000000>, C4<00000000>, C4<00000000>;
S_000001af18e0a2c0 .scope generate, "genblk1[14]" "genblk1[14]" 7 58, 7 58 0, S_000001af18e06870;
 .timescale -9 -12;
P_000001af18de9e70 .param/l "i" 0 7 58, +C4<01110>;
L_000001af1a93b9c0 .functor BUFZ 8, v000001af1a9392d0_0, C4<00000000>, C4<00000000>, C4<00000000>;
S_000001af18e0a450 .scope generate, "genblk1[15]" "genblk1[15]" 7 58, 7 58 0, S_000001af18e06870;
 .timescale -9 -12;
P_000001af18de9a70 .param/l "i" 0 7 58, +C4<01111>;
L_000001af1a93b8e0 .functor BUFZ 8, v000001af1a9392d0_0, C4<00000000>, C4<00000000>, C4<00000000>;
S_000001af18e0a5e0 .scope generate, "genblk1[16]" "genblk1[16]" 7 58, 7 58 0, S_000001af18e06870;
 .timescale -9 -12;
P_000001af18de9bb0 .param/l "i" 0 7 58, +C4<010000>;
L_000001af1a93c360 .functor BUFZ 8, v000001af1a9392d0_0, C4<00000000>, C4<00000000>, C4<00000000>;
S_000001af18e0aa90 .scope generate, "genblk1[17]" "genblk1[17]" 7 58, 7 58 0, S_000001af18e06870;
 .timescale -9 -12;
P_000001af18dea170 .param/l "i" 0 7 58, +C4<010001>;
L_000001af1a93be90 .functor BUFZ 8, v000001af1a9392d0_0, C4<00000000>, C4<00000000>, C4<00000000>;
S_000001af18e0ac20 .scope generate, "genblk1[18]" "genblk1[18]" 7 58, 7 58 0, S_000001af18e06870;
 .timescale -9 -12;
P_000001af18de9ff0 .param/l "i" 0 7 58, +C4<010010>;
L_000001af1a93bc60 .functor BUFZ 8, v000001af1a9392d0_0, C4<00000000>, C4<00000000>, C4<00000000>;
S_000001af18e0adb0 .scope generate, "genblk1[19]" "genblk1[19]" 7 58, 7 58 0, S_000001af18e06870;
 .timescale -9 -12;
P_000001af18de9df0 .param/l "i" 0 7 58, +C4<010011>;
L_000001af1a93b950 .functor BUFZ 8, v000001af1a9392d0_0, C4<00000000>, C4<00000000>, C4<00000000>;
S_000001af18e0af40 .scope generate, "genblk1[20]" "genblk1[20]" 7 58, 7 58 0, S_000001af18e06870;
 .timescale -9 -12;
P_000001af18dea6f0 .param/l "i" 0 7 58, +C4<010100>;
L_000001af1a93bbf0 .functor BUFZ 8, v000001af1a9392d0_0, C4<00000000>, C4<00000000>, C4<00000000>;
S_000001af18e0b0d0 .scope generate, "genblk1[21]" "genblk1[21]" 7 58, 7 58 0, S_000001af18e06870;
 .timescale -9 -12;
P_000001af18de9c30 .param/l "i" 0 7 58, +C4<010101>;
L_000001af1a93c1a0 .functor BUFZ 8, v000001af1a9392d0_0, C4<00000000>, C4<00000000>, C4<00000000>;
S_000001af18e0b260 .scope generate, "genblk1[22]" "genblk1[22]" 7 58, 7 58 0, S_000001af18e06870;
 .timescale -9 -12;
P_000001af18dea930 .param/l "i" 0 7 58, +C4<010110>;
L_000001af1a93ba30 .functor BUFZ 8, v000001af1a9392d0_0, C4<00000000>, C4<00000000>, C4<00000000>;
S_000001af18e0e280 .scope generate, "genblk1[23]" "genblk1[23]" 7 58, 7 58 0, S_000001af18e06870;
 .timescale -9 -12;
P_000001af18dea5b0 .param/l "i" 0 7 58, +C4<010111>;
L_000001af1a93bb10 .functor BUFZ 8, v000001af1a9392d0_0, C4<00000000>, C4<00000000>, C4<00000000>;
S_000001af18e0cfc0 .scope generate, "genblk1[24]" "genblk1[24]" 7 58, 7 58 0, S_000001af18e06870;
 .timescale -9 -12;
P_000001af18de9eb0 .param/l "i" 0 7 58, +C4<011000>;
L_000001af1a93bb80 .functor BUFZ 8, v000001af1a9392d0_0, C4<00000000>, C4<00000000>, C4<00000000>;
S_000001af18e0e0f0 .scope generate, "genblk1[25]" "genblk1[25]" 7 58, 7 58 0, S_000001af18e06870;
 .timescale -9 -12;
P_000001af18de9f70 .param/l "i" 0 7 58, +C4<011001>;
L_000001af1a93bcd0 .functor BUFZ 8, v000001af1a9392d0_0, C4<00000000>, C4<00000000>, C4<00000000>;
S_000001af18e0e410 .scope generate, "genblk1[26]" "genblk1[26]" 7 58, 7 58 0, S_000001af18e06870;
 .timescale -9 -12;
P_000001af18dea1b0 .param/l "i" 0 7 58, +C4<011010>;
L_000001af1a93bf00 .functor BUFZ 8, v000001af1a9392d0_0, C4<00000000>, C4<00000000>, C4<00000000>;
S_000001af18e0dc40 .scope generate, "genblk1[27]" "genblk1[27]" 7 58, 7 58 0, S_000001af18e06870;
 .timescale -9 -12;
P_000001af18dea1f0 .param/l "i" 0 7 58, +C4<011011>;
L_000001af1a93bfe0 .functor BUFZ 8, v000001af1a9392d0_0, C4<00000000>, C4<00000000>, C4<00000000>;
S_000001af18e0e5a0 .scope generate, "genblk1[28]" "genblk1[28]" 7 58, 7 58 0, S_000001af18e06870;
 .timescale -9 -12;
P_000001af18de9a30 .param/l "i" 0 7 58, +C4<011100>;
L_000001af1a93c210 .functor BUFZ 8, v000001af1a9392d0_0, C4<00000000>, C4<00000000>, C4<00000000>;
S_000001af18e0e730 .scope generate, "genblk1[29]" "genblk1[29]" 7 58, 7 58 0, S_000001af18e06870;
 .timescale -9 -12;
P_000001af18dea770 .param/l "i" 0 7 58, +C4<011101>;
L_000001af1a93c050 .functor BUFZ 8, v000001af1a9392d0_0, C4<00000000>, C4<00000000>, C4<00000000>;
S_000001af18e0d470 .scope generate, "genblk1[30]" "genblk1[30]" 7 58, 7 58 0, S_000001af18e06870;
 .timescale -9 -12;
P_000001af18de9b70 .param/l "i" 0 7 58, +C4<011110>;
L_000001af1a93cc30 .functor BUFZ 8, v000001af1a9392d0_0, C4<00000000>, C4<00000000>, C4<00000000>;
S_000001af18e0d920 .scope generate, "genblk1[31]" "genblk1[31]" 7 58, 7 58 0, S_000001af18e06870;
 .timescale -9 -12;
P_000001af18dea530 .param/l "i" 0 7 58, +C4<011111>;
L_000001af1a93d480 .functor BUFZ 8, v000001af1a9392d0_0, C4<00000000>, C4<00000000>, C4<00000000>;
S_000001af18e0d600 .scope function.vec4.s8, "sign_conv" "sign_conv" 7 63, 7 63 0, S_000001af18e06870;
 .timescale -9 -12;
v000001af18e075c0_0 .var "sign_bit", 0 0;
; Variable sign_conv is vec4 return value of scope S_000001af18e0d600
v000001af18e07ca0_0 .var "unsigned_int", 7 0;
TD_tb_mxint8_bd.ref_blk.sign_conv ;
    %load/vec4 v000001af18e075c0_0;
    %nor/r;
    %flag_set/vec4 8;
    %jmp/0xz  T_28.66, 8;
    %load/vec4 v000001af18e07ca0_0;
    %ret/vec4 0, 0, 8;  Assign to sign_conv (store_vec4_to_lval)
    %disable/flow S_000001af18e0d600;
    %jmp T_28.67;
T_28.66 ;
    %load/vec4 v000001af18e07ca0_0;
    %inv;
    %addi 1, 0, 8;
    %ret/vec4 0, 0, 8;  Assign to sign_conv (store_vec4_to_lval)
    %disable/flow S_000001af18e0d600;
T_28.67 ;
    %end;
    .scope S_000001af18e06870;
T_29 ;
    %wait E_000001af18de8a70;
    %load/vec4 v000001af1a939e10_0;
    %parti/s 1, 0, 2;
    %load/vec4 v000001af1a93a130_0;
    %load/vec4 v000001af1a939b90_0;
    %parti/s 1, 16, 6;
    %store/vec4 v000001af18e08240_0, 0, 1;
    %store/vec4 v000001af18e07520_0, 0, 1;
    %store/vec4 v000001af18e081a0_0, 0, 1;
    %callf/vec4 TD_tb_mxint8_bd.ref_blk.carry_logic, S_000001af18e06b90;
    %store/vec4 v000001af18e07de0_0, 0, 1;
    %jmp T_29;
    .thread T_29, $push;
    .scope S_000001af18e06870;
T_30 ;
    %wait E_000001af18de9970;
    %load/vec4 v000001af18e07de0_0;
    %pad/u 8;
    %load/vec4 v000001af1a939e10_0;
    %add;
    %store/vec4 v000001af1a939690_0, 0, 8;
    %jmp T_30;
    .thread T_30, $push;
    .scope S_000001af18e06870;
T_31 ;
    %wait E_000001af18de9330;
    %load/vec4 v000001af1a9385b0_0;
    %load/vec4 v000001af1a939730_0;
    %store/vec4 v000001af18e07ca0_0, 0, 8;
    %store/vec4 v000001af18e075c0_0, 0, 1;
    %callf/vec4 TD_tb_mxint8_bd.ref_blk.sign_conv, S_000001af18e0d600;
    %store/vec4 v000001af1a9392d0_0, 0, 8;
    %jmp T_31;
    .thread T_31, $push;
    .scope S_000001af1a933830;
T_32 ;
    %callf/void TD_tb_mxint8_bd.drv.data_in.set_clean, S_000001af1a933380;
    %callf/void TD_tb_mxint8_bd.drv.data_in.randomize, S_000001af1a933e70;
    %end;
    .thread T_32;
    .scope S_000001af18d69a00;
T_33 ;
    %pushi/vec4 0, 0, 1;
    %store/vec4 v000001af18dd1bc0_0, 0, 1;
    %pushi/vec4 0, 0, 1;
    %store/vec4 v000001af18dd1d00_0, 0, 1;
    %pushi/vec4 0, 0, 1;
    %store/vec4 v000001af18dd1620_0, 0, 1;
    %pushi/vec4 0, 0, 1;
    %store/vec4 v000001af18dd20c0_0, 0, 1;
    %pushi/vec4 0, 0, 1;
    %store/vec4 v000001af18dd1da0_0, 0, 1;
    %pushi/vec4 0, 0, 1;
    %store/vec4 v000001af18dd1c60_0, 0, 1;
    %pushi/vec4 0, 0, 1;
    %store/vec4 v000001af18ddc230_0, 0, 1;
    %vpi_call/w 5 151 "$display", "normal case" {0 0 0};
    %pushi/vec4 10, 0, 32;
    %store/vec4 v000001af18ddc7d0_0, 0, 32;
    %fork TD_tb_mxint8_bd.drv.n_drive, S_000001af18e05740;
    %join;
    %vpi_call/w 5 153 "$display", "carry case" {0 0 0};
    %pushi/vec4 3, 0, 32;
T_33.0 %dup/vec4;
    %pushi/vec4 0, 0, 32;
    %cmp/s;
    %jmp/1xz T_33.1, 5;
    %jmp/1 T_33.1, 4;
    %pushi/vec4 1, 0, 32;
    %sub;
    %fork TD_tb_mxint8_bd.drv.carry_drive, S_000001af1a9336a0;
    %join;
    %jmp T_33.0;
T_33.1 ;
    %pop/vec4 1;
    %vpi_call/w 5 156 "$display", "tie to even case" {0 0 0};
    %pushi/vec4 3, 0, 32;
T_33.2 %dup/vec4;
    %pushi/vec4 0, 0, 32;
    %cmp/s;
    %jmp/1xz T_33.3, 5;
    %jmp/1 T_33.3, 4;
    %pushi/vec4 1, 0, 32;
    %sub;
    %fork TD_tb_mxint8_bd.drv.tie_drive, S_000001af18e063c0;
    %join;
    %jmp T_33.2;
T_33.3 ;
    %pop/vec4 1;
    %vpi_call/w 5 159 "$display", "mantissa overflow case" {0 0 0};
    %pushi/vec4 3, 0, 32;
T_33.4 %dup/vec4;
    %pushi/vec4 0, 0, 32;
    %cmp/s;
    %jmp/1xz T_33.5, 5;
    %jmp/1 T_33.5, 4;
    %pushi/vec4 1, 0, 32;
    %sub;
    %fork TD_tb_mxint8_bd.drv.overflow_drive, S_000001af18e06d20;
    %join;
    %jmp T_33.4;
T_33.5 ;
    %pop/vec4 1;
    %vpi_call/w 5 162 "$display", "scalar overflow case. due to round and mantissa overflow caused scalar carry. scalar carrys to NaN" {0 0 0};
    %pushi/vec4 3, 0, 32;
T_33.6 %dup/vec4;
    %pushi/vec4 0, 0, 32;
    %cmp/s;
    %jmp/1xz T_33.7, 5;
    %jmp/1 T_33.7, 4;
    %pushi/vec4 1, 0, 32;
    %sub;
    %fork TD_tb_mxint8_bd.drv.scalar_overflow_drive, S_000001af18e058d0;
    %join;
    %jmp T_33.6;
T_33.7 ;
    %pop/vec4 1;
    %vpi_call/w 5 165 "$display", "scalar NaN case" {0 0 0};
    %pushi/vec4 3, 0, 32;
T_33.8 %dup/vec4;
    %pushi/vec4 0, 0, 32;
    %cmp/s;
    %jmp/1xz T_33.9, 5;
    %jmp/1 T_33.9, 4;
    %pushi/vec4 1, 0, 32;
    %sub;
    %fork TD_tb_mxint8_bd.drv.NaN_drive, S_000001af1a933510;
    %join;
    %jmp T_33.8;
T_33.9 ;
    %pop/vec4 1;
    %vpi_call/w 5 168 "$display", "subnormal case" {0 0 0};
    %pushi/vec4 3, 0, 32;
T_33.10 %dup/vec4;
    %pushi/vec4 0, 0, 32;
    %cmp/s;
    %jmp/1xz T_33.11, 5;
    %jmp/1 T_33.11, 4;
    %pushi/vec4 1, 0, 32;
    %sub;
    %fork TD_tb_mxint8_bd.drv.sub_normal_drive, S_000001af18e04f70;
    %join;
    %jmp T_33.10;
T_33.11 ;
    %pop/vec4 1;
    %vpi_call/w 5 171 "$finish" {0 0 0};
    %end;
    .thread T_33;
    .scope S_000001af18e06550;
T_34 ;
    %pushi/vec4 0, 0, 32;
    %store/vec4 v000001af18e08ba0_0, 0, 32;
    %end;
    .thread T_34;
    .scope S_000001af18e06550;
T_35 ;
    %wait E_000001af18de9770;
    %vpi_call/w 6 29 "$display", "\012transection id: %d", v000001af18e08ba0_0 {0 0 0};
    %fork TD_tb_mxint8_bd.mon.single_mon, S_000001af18e060a0;
    %join;
    %load/vec4 v000001af18e08ba0_0;
    %addi 1, 0, 32;
    %cast2;
    %assign/vec4 v000001af18e08ba0_0, 0;
    %jmp T_35;
    .thread T_35;
    .scope S_000001af18de6180;
T_36 ;
    %pushi/vec4 0, 0, 1;
    %store/vec4 v000001af1a939910_0, 0, 1;
T_36.0 ;
    %delay 50000, 0;
    %load/vec4 v000001af1a939910_0;
    %inv;
    %store/vec4 v000001af1a939910_0, 0, 1;
    %jmp T_36.0;
    %end;
    .thread T_36;
    .scope S_000001af18de6180;
T_37 ;
    %vpi_call/w 4 41 "$dumpfile", "test.vcd" {0 0 0};
    %vpi_call/w 4 42 "$dumpvars", 32'sb00000000000000000000000000000000, S_000001af18de6180 {0 0 0};
    %end;
    .thread T_37;
# The file index is used to find the file name in the following table.
:file_names 8;
    "N/A";
    "<interactive>";
    "-";
    "..\transection.sv";
    ".\tb_mxint8_bd.sv";
    ".\mx_int8_bd_drv.sv";
    ".\mx_int8_bd_mon.sv";
    ".\mx_int8_bd_ref.sv";
