version: (200506)

available memory: 64M bytes
used memory: 155648 bytes [need 152K bytes if disable swap]

used block: 5 [memory(5) file(0)]
                 [ 8K(3) 64K(2) { total 152K bytes } ]
overhead: (9538) bytes for (5) blocks [Average: (1907) bytes/block]

write  => 0(times) 0K(bytes) [0K bytes to file]
read   => 2(times) 11K(bytes) [2K bytes compressed data from file]
access => 365436(times) 2860M(bytes)
          [hit ratio: 99.9995%]

time: write(0) read(0)  unit: second

swap file directory: (/home/ohlbur/ee477/ocp_mx_alu/mx_alu/verdiLog)
used swap file number: (3)



swap file manager:
arrSize: (256)
idxCnt: (5)
closeHead: (1)
closeTail: (3)
openCnt: (3)
fid(4): fd(0) fileName(/home/ohlbur/ee477/ocp_mx_alu/mx_alu/build/sim-rtl-rundir/simv.daidir/kdb.elab++/work.lib++/mx_alu_wrapper.v.tdc)
	size(1824) lastModTime(1716523005) curModTime(1716523005)
	mode(rb)	hot(0) cool(0) pos(0)
fid(3): fd(1073741825) fileName(/home/ohlbur/ee477/ocp_mx_alu/mx_alu/build/sim-rtl-rundir/simv.daidir/kdb.elab++/work.lib++/mx_alu.v.tdc)
	size(1702) lastModTime(1716523005) curModTime(1716523005)
	mode(rb)	hot(0) cool(2) pos(0)
fid(2): fd(25) fileName(/home/ohlbur/ee477/ocp_mx_alu/mx_alu/verdiLog/_swap_0001#-1626720032#11490)
	size(0) lastModTime(0) curModTime(1716523084)
	mode(w+b)	hot(3) cool(1) pos(0)
fid(1): fd(1073741824) fileName(/home/ohlbur/ee477/ocp_mx_alu/mx_alu/build/sim-rtl-rundir/simv.daidir/kdb.elab++/work.lib++/testbench.v.tdc)
	size(2952) lastModTime(1716523005) curModTime(1716523005)
	mode(rb)	hot(2) cool(0) pos(0)
fid(0): fd(0) fileName(NULL)
	mode(NULL)	hot(0) cool(0) pos(0)
==================================================
mySelf(178f6720) pre(178e8040) next(0)
version(200506)
date(May 19 2020 02:48:24)
